#
#model:
#
#<?xml version="1.0" encoding="UTF-8" standalone="no"?><input id="posterior" spec="beast.core.util.CompoundDistribution">
#    <distribution id="prior" spec="beast.core.util.CompoundDistribution">
#        <distribution id="CoalescentConstant.t:apes" spec="beast.evolution.tree.coalescent.Coalescent">
#            <populationModel id="ConstantPopulation.t:apes" spec="beast.evolution.tree.coalescent.ConstantPopulation">
#                <parameter id="popSize.t:apes" name="popSize">0.3</parameter>
#            </populationModel>
#            <treeIntervals id="TreeIntervals.t:apes" spec="beast.evolution.tree.coalescent.TreeIntervals">
#                <tree id="Tree.t:apes">
#                    <taxonset id="TaxonSet.apes" spec="beast.evolution.alignment.TaxonSet">
#                    </taxonset>
#                </tree>
#            </treeIntervals>
#        </distribution>
#        <prior id="GammaShapePrior.s:apes" name="distribution">
#            <parameter id="gammaShape.s:apes" name="x">1.0</parameter>
#            <Exponential id="Exponential.0" name="distr">
#                <parameter estimate="false" id="RealParameter.0" name="mean">1.0</parameter>
#            </Exponential>
#        </prior>
#        <prior id="PopSizePrior.t:apes" name="distribution" x="@popSize.t:apes">
#            <Exponential id="Exponential.1" name="distr">
#                <parameter estimate="false" id="RealParameter.1" name="mean">0.33</parameter>
#            </Exponential>
#        </prior>
#    </distribution>
#    <distribution id="likelihood" spec="beast.core.util.CompoundDistribution" useThreads="true">
#        <distribution data="@apes" id="treeLikelihood.apes" spec="beast.evolution.likelihood.ThreadedTreeLikelihood" tree="@Tree.t:apes">
#            <siteModel gammaCategoryCount="4" id="SiteModel.s:apes" shape="@gammaShape.s:apes" spec="beast.evolution.sitemodel.SiteModel">
#                <parameter id="mutationRate.s:apes" name="mutationRate">1.0</parameter>
#                <parameter estimate="false" id="proportionInvariant.s:apes" lower="0.0" name="proportionInvariant" upper="1.0">0.0</parameter>
#                <substModel id="JC69.s:apes" spec="beast.evolution.substitutionmodel.JukesCantor"/>
#            </siteModel>
#            <branchRateModel id="StrictClock.c:apes" spec="beast.evolution.branchratemodel.StrictClockModel">
#                <parameter estimate="false" id="clockRate.c:apes" name="clock.rate">1.0</parameter>
#            </branchRateModel>
#        </distribution>
#    </distribution>
#</input>
#
Sample	posterior	likelihood	prior	treeLikelihood	TreeHeight	mutationRate	gammaShape	popSize	CoalescentConstant
0	-2212.4126300259527	-2206.24399226111	-6.168637764842521	-2206.24399226111	1.2390275843586065	1.0	1.1127938707512874	0.4616240335104658	-4.765645811005372
