#
#model:
#
#<?xml version="1.0" encoding="UTF-8" standalone="no"?><input id="posterior" spec="beast.core.util.CompoundDistribution">
#    <distribution id="prior" spec="beast.core.util.CompoundDistribution">
#        <distribution id="CoalescentConstant.t:apes" spec="beast.evolution.tree.coalescent.Coalescent">
#            <populationModel id="ConstantPopulation.t:apes" spec="beast.evolution.tree.coalescent.ConstantPopulation">
#                <parameter id="popSize.t:apes" name="popSize" spec="beast.core.parameter.RealParameter">0.3</parameter>
#            </populationModel>
#            <treeIntervals id="TreeIntervals.t:apes" spec="beast.evolution.tree.coalescent.TreeIntervals">
#                <tree id="Tree.t:apes" spec="beast.evolution.tree.Tree">
#                    <taxonset id="TaxonSet.apes" spec="beast.evolution.alignment.TaxonSet">
#                    </taxonset>
#                </tree>
#            </treeIntervals>
#        </distribution>
#        <prior id="GammaShapePrior.s:apes" name="distribution">
#            <Exponential id="Exponential.0" name="distr">
#                <parameter estimate="false" id="RealParameter.0" name="mean" spec="beast.core.parameter.RealParameter">1.0</parameter>
#            </Exponential>
#            <parameter id="gammaShape.s:apes" name="x" spec="beast.core.parameter.RealParameter">1.0</parameter>
#        </prior>
#        <prior id="PopSizePrior.t:apes" name="distribution" x="@popSize.t:apes">
#            <OneOnX id="OneOnX.1" name="distr"/>
#        </prior>
#    </distribution>
#    <distribution id="likelihood" spec="beast.core.util.CompoundDistribution" useThreads="true">
#        <distribution data="@apes" id="treeLikelihood.apes" spec="beast.evolution.likelihood.ThreadedTreeLikelihood" tree="@Tree.t:apes">
#            <branchRateModel id="StrictClock.c:apes" spec="beast.evolution.branchratemodel.StrictClockModel">
#                <parameter estimate="false" id="clockRate.c:apes" name="clock.rate" spec="beast.core.parameter.RealParameter">1.0</parameter>
#            </branchRateModel>
#            <siteModel gammaCategoryCount="4" id="SiteModel.s:apes" shape="@gammaShape.s:apes" spec="beast.evolution.sitemodel.SiteModel">
#                <parameter id="mutationRate.s:apes" name="mutationRate" spec="beast.core.parameter.RealParameter">1.0</parameter>
#                <parameter estimate="false" id="proportionInvariant.s:apes" lower="0.0" name="proportionInvariant" spec="beast.core.parameter.RealParameter" upper="1.0">0.0</parameter>
#                <substModel id="JC69.s:apes" spec="beast.evolution.substitutionmodel.JukesCantor"/>
#            </siteModel>
#        </distribution>
#    </distribution>
#</input>
#
Sample	posterior	likelihood	prior	treeLikelihood	TreeHeight	mutationRate	gammaShape	popSize	CoalescentConstant
0	-2031.603357772056	-2027.2189494072727	-4.3844083647832734	-2027.2189494072727	0.965843084666351	1.0	1.0	0.3	-4.588381169109209
200	-1495.6979473679837	-1497.405877873102	1.7079305051184217	-1497.405877873102	0.26914693203468354	1.0	1.0	0.2809744912910183	1.4384391130256509
400	-1310.6281318943188	-1312.0608238794957	1.4326919851768594	-1312.0608238794957	0.027290169189910857	1.0	1.0	0.42932384938394696	1.587148234002702
600	-1312.145069992736	-1313.2876502182696	1.1425802255337456	-1313.2876502182696	0.031959545688889576	1.0	1.0	0.47397353676619436	1.3959764370809697
800	-1313.5820701602445	-1313.7884661933836	0.20639603313907245	-1313.7884661933836	0.031338756417277985	1.0	1.0	0.6489270879858784	0.7739611193816962
1000	-1312.1332451798057	-1312.6963281440621	0.5630829642564875	-1312.6963281440621	0.02277410108003262	1.0	1.0	0.5799170178533779	1.0182127059123554
1200	-1312.1730763451642	-1312.7002460353842	0.5271696902201021	-1312.7002460353842	0.02554802590677891	1.0	1.0	0.5848352877122488	0.9907446593582718
1400	-1312.5737280922747	-1313.68498796852	1.1112598762453416	-1313.68498796852	0.022570318337546132	1.0	1.0	0.48365459585288884	1.3848756042820285
1600	-1312.7289416600524	-1312.1687725939532	-0.5601690660992503	-1312.1687725939532	0.025143968200976287	1.0	1.0	0.8489738834368439	0.2761040791983257
1800	-1313.347004450377	-1312.4376753158642	-0.909329134512709	-1312.4376753158642	0.023090381043435824	1.0	1.0	0.9573465968546008	0.04708108256231863
2000	-1313.2325572688326	-1312.362761253325	-0.8697960155075607	-1312.362761253325	0.02340819240201278	1.0	1.0	0.9440457923230806	0.07262337929611101
2200	-1312.9690286342486	-1313.7511705841173	0.7821419498685915	-1313.7511705841173	0.019827240709087188	1.0	1.0	0.5397466605195164	1.165486553174721
2400	-1311.7160159800435	-1312.3354291481182	0.6194131680747058	-1312.3354291481182	0.02983711366925419	1.0	1.0	0.566889925851405	1.051823039672945
2600	-1311.8556162584014	-1312.4392033300692	0.5835870716678785	-1312.4392033300692	0.023015734879392534	1.0	1.0	0.5767223693167062	1.0331927810353578
2800	-1311.7475223599024	-1312.0749045568377	0.3273821969353947	-1312.0749045568377	0.027416872504192315	1.0	1.0	0.6270326264821031	0.860625493088984
3000	-1311.556808377207	-1312.390353043471	0.833544666263805	-1312.390353043471	0.02388027973742882	1.0	1.0	0.5283572695409213	1.1955620890234653
3200	-1311.902942507607	-1313.2466579407283	1.343715433121378	-1313.2466579407283	0.033668391312333144	1.0	1.0	0.4392795353563393	1.5210961193701331
3400	-1309.8411359299525	-1312.7841253740285	2.942989444075809	-1312.7841253740285	0.022056340516995215	1.0	1.0	0.2563603821966946	2.581818362587904
3600	-1309.0162729461504	-1313.0864019474247	4.070129001274379	-1313.0864019474247	0.026555896801155086	1.0	1.0	0.16649198101981055	3.277320868509733
3800	-1309.3596460371764	-1312.8423871905197	3.4827411533432717	-1312.8423871905197	0.023229588004103092	1.0	1.0	0.2093373930576161	2.9189331455605085
4000	-1307.9621963835682	-1312.758255299314	4.796058915745727	-1312.758255299314	0.029161740390434863	1.0	1.0	0.12981417134177692	3.754407613362022
4200	-1308.597987761206	-1312.2932494897495	3.695261728543503	-1312.2932494897495	0.02901726474194636	1.0	1.0	0.19343031208155384	3.0524237528823006
4400	-1310.4940155571621	-1313.9565065126228	3.462490955460691	-1313.9565065126228	0.03578719512292444	1.0	1.0	0.20595702481022796	2.882403206078415
4600	-1307.8097145720064	-1312.0611059477333	4.251391375726851	-1312.0611059477333	0.026503624457000604	1.0	1.0	0.1581004146252277	3.4068664635071615
4800	-1309.4339965686247	-1314.1524602553168	4.718463686692087	-1314.1524602553168	0.031039126180159585	1.0	1.0	0.13387603518704777	3.7076226689375864
5000	-1307.1753671970882	-1312.3147416878633	5.139374490775028	-1312.3147416878633	0.029464167215038566	1.0	1.0	0.11271176031031632	3.956452977974037
5200	-1308.630501505132	-1313.6019164527856	4.97141494765363	-1313.6019164527856	0.020529034830223617	1.0	1.0	0.12295551721086857	3.875482309941126
5400	-1305.8464649820123	-1312.9607517359211	7.114286753908911	-1312.9607517359211	0.025797194005488452	1.0	1.0	0.05282016649085455	5.173424533832719
5600	-1305.7524495553514	-1312.339597906012	6.587148350660598	-1312.339597906012	0.028866528716379767	1.0	1.0	0.06307620524377792	4.823736674128898
5800	-1306.76079999793	-1313.1224575769866	6.361657579056667	-1313.1224575769866	0.02426450659852615	1.0	1.0	0.06820736748123538	4.676454886673484
6000	-1306.0042825383443	-1312.0790585542047	6.07477601586037	-1312.0790585542047	0.026658986281756114	1.0	1.0	0.07795258726794597	4.523121523209593
6200	-1308.0963375654014	-1313.0727843203417	4.976446754940376	-1313.0727843203417	0.02334353858408213	1.0	1.0	0.12040969790993862	3.8595915530139293
6400	-1307.8112076225973	-1313.0697475866411	5.258539964043797	-1313.0697475866411	0.0326481905236173	1.0	1.3300631596149508	0.09334081941383966	4.2171053639666845
6600	-1307.2618287673251	-1312.3886769632445	5.126848195919379	-1312.3886769632445	0.022891116229492216	1.0	1.3300631596149508	0.10247873202279612	4.178811361140591
6800	-1307.8789372404297	-1312.9652024018521	5.0862651614224355	-1312.9652024018521	0.030472487055508354	1.0	1.3300631596149508	0.10194961752829922	4.133051787507118
7000	-1308.382910481763	-1312.272727404251	3.889816922487981	-1312.272727404251	0.02547225033148268	1.0	1.3300631596149508	0.16185806376801934	3.398844604729671
7200	-1312.5432501208936	-1317.0201431468402	4.476893025946522	-1317.0201431468402	0.02748792003527014	1.0	1.3300631596149508	0.12107795266804908	3.6956354816705788
7400	-1307.0677802241419	-1312.1089095985617	5.041129374419807	-1312.1089095985617	0.026436057090784903	1.0	1.3300631596149508	0.10300445146465889	4.098209460451865
7600	-1308.382548074749	-1313.4608519051612	5.078303830412424	-1313.4608519051612	0.030735481544763535	1.0	1.3300631596149508	0.10269476544753807	4.132372857328656
7800	-1307.1312753786356	-1312.4171918015163	5.285916422880835	-1312.4171918015163	0.026082365960263282	1.0	1.3300631596149508	0.09616693211470616	4.274309861081455
8000	-1308.605717362893	-1313.2473142433332	4.641596880440146	-1313.2473142433332	0.029845660292164268	1.0	1.3300631596149508	0.12172292593325865	3.86565212404202
8200	-1308.6188853515575	-1312.5643984036328	3.9455130520751753	-1312.5643984036328	0.022850930398726457	1.0	1.3300631596149508	0.15966218233495105	3.440881155471529
8400	-1310.49281351048	-1314.4058573829864	3.9130438725065595	-1314.4058573829864	0.03638362183927345	1.0	1.3300631596149508	0.15264354632393304	3.36345719382374
8600	-1308.3276250143751	-1312.8352144379296	4.507589423554473	-1312.8352144379296	0.02786561883408858	1.0	1.3300631596149508	0.12415745983612324	3.7514479016188
8800	-1308.9238007531803	-1312.4902640487835	3.566463295603186	-1312.4902640487835	0.022537483075850052	1.0	1.3300631596149508	0.18249706446658726	3.1955052640145887
9000	-1308.0226917555174	-1313.2577888386622	5.235097083144895	-1313.2577888386622	0.023982311824474755	1.0	1.3300631596149508	0.09484665689451593	4.209666413301574
9200	-1307.5283987202647	-1312.0937047954567	4.565306075192012	-1312.0937047954567	0.02503407288089971	1.0	1.3300631596149508	0.1258944959237002	3.823058178077538
9400	-1309.0471376713442	-1312.593454272558	3.54631660121375	-1312.593454272558	0.02304042252027621	1.0	1.2291984399640854	0.19102210599734742	3.120148921751186
9600	-1308.9020214293246	-1312.4838244800035	3.5818030506789347	-1312.4838244800035	0.025087130951418166	1.0	1.2291984399640854	0.18505087714303628	3.123877010514434
9800	-1308.393787223316	-1312.8799050568905	4.486117833574474	-1312.8799050568905	0.022309419193878834	1.0	1.2016205672282816	0.1355989098412842	3.6896844577760426
10000	-1307.8354892254288	-1312.0202105672515	4.184721341822789	-1312.0202105672515	0.026251027436452294	1.0	1.2016205672282816	0.15056405853579777	3.492975261811272
10200	-1306.1682764888794	-1312.2866098160569	6.11833332717746	-1312.2866098160569	0.025308181635476556	1.0	1.2016205672282816	0.0728266663519289	4.700280799599207
10400	-1308.6532284584146	-1312.9301422773663	4.276913818951673	-1312.9301422773663	0.02121946797199424	1.0	1.2016205672282816	0.14843066831313004	3.570897076371886
10600	-1308.42733820561	-1313.5670402786939	5.139702073083807	-1313.5670402786939	0.034231430010776116	1.0	1.2016205672282816	0.1023332926266656	4.061802422463933
10800	-1308.7093604804472	-1314.4139854788605	5.704624998413317	-1314.4139854788605	0.03321690163487311	1.0	1.2016205672282816	0.07617459112785292	4.331518243979618
11000	-1305.889697332815	-1312.2589849790618	6.369287646246768	-1312.2589849790618	0.029099901342295946	1.0	0.7843586294646268	0.0744154657665528	4.5555547901720175
11200	-1304.566516799089	-1312.2991192999082	7.732602500819275	-1312.2991192999082	0.02420043109273368	1.0	0.7843586294646268	0.04229511920036665	5.353877545362475
11400	-1305.4759451789494	-1314.094463407419	8.618518228469672	-1314.094463407419	0.01916372961368018	1.0	0.7843586294646268	0.02961291592353093	5.883332193877674
11600	-1303.9300706442384	-1312.7609180083134	8.830847364075025	-1312.7609180083134	0.028416186478470266	1.0	0.7843586294646268	0.0208427378823816	5.7444562991274655
11800	-1305.0873595540293	-1313.162168991741	8.074809437711798	-1313.162168991741	0.03138041491483457	1.0	0.7843586294646268	0.014701445964139645	4.639358642048927
12000	-1304.1775026027276	-1312.676004154982	8.498501552254352	-1312.676004154982	0.03093819222046456	1.0	0.9003077978692248	0.01956448040021879	5.46476976883392
12200	-1308.4984889093537	-1316.2038072569908	7.705318347637182	-1316.2038072569908	0.04112237159388165	1.0	0.9003077978692248	0.02265315831902577	4.818170148866029
12400	-1303.7913825234161	-1312.7269214047853	8.935538881369187	-1312.7269214047853	0.025079107736194095	1.0	0.9003077978692248	0.020491976090865973	5.948124799578011
12600	-1304.3579109978925	-1312.9600582379653	8.602147240072824	-1312.9600582379653	0.031435236231973966	1.0	0.9003077978692248	0.016054316058347135	5.370677485677893
12800	-1303.3498336107195	-1312.114467848135	8.764634237415443	-1312.114467848135	0.02587636105741089	1.0	0.9003077978692248	0.014360206939424292	5.421647730642193
13000	-1304.683864217728	-1312.6026056350079	7.918741417280022	-1312.6026056350079	0.030469563439948385	1.0	0.9003077978692248	0.008375328367109754	4.03658422112273
13200	-1304.6872658066468	-1313.6346001932193	8.94733438657244	-1313.6346001932193	0.020168706063908696	1.0	0.9003077978692248	0.008085622544794025	5.029974395498776
13400	-1303.728031461926	-1312.349646998177	8.621615536250832	-1312.349646998177	0.029378109450565144	1.0	0.9003077978692248	0.017749490736775776	5.490524879761882
13600	-1303.5669243763796	-1312.1872267753322	8.620302398952706	-1312.1872267753322	0.02472780311657351	1.0	1.09900429741233	0.015725349852610843	5.566825467900667
13800	-1303.3917371684674	-1312.2938241550883	8.90208698662089	-1312.2938241550883	0.02454617101487616	1.0	1.09900429741233	0.011028280116767101	5.493798898394861
14000	-1303.555014575328	-1312.3096039204886	8.75458934516068	-1312.3096039204886	0.02604746009546288	1.0	1.09900429741233	0.0174532011797082	5.805361444108534
14200	-1305.0071310537357	-1312.9062957656624	7.899164711926598	-1312.9062957656624	0.028567129324754838	1.0	1.09900429741233	0.023224708952650466	5.235630483337719
14400	-1305.4289782312887	-1312.9657112838008	7.536733052512015	-1312.9657112838008	0.023479275132384195	1.0	1.09900429741233	0.03778039785003615	5.359772463665157
14600	-1305.9145844972547	-1313.0054074075024	7.0908229102477325	-1313.0054074075024	0.03176304317823876	1.0	1.09900429741233	0.04225278769485888	5.025742261247867
14800	-1307.2409381834646	-1314.8247070272616	7.583768843797055	-1314.8247070272616	0.027906862998957716	1.0	1.09900429741233	0.02593523910654694	5.0306204894424
15000	-1304.4213416805712	-1312.3876106983585	7.966269017787251	-1312.3876106983585	0.030326604278976512	1.0	1.09900429741233	0.026063902155667232	5.418069334067142
15200	-1304.4573489404306	-1313.0761100828722	8.618761142441675	-1313.0761100828722	0.022908216875161615	1.0	1.09900429741233	0.024506825494573163	6.008961831238343
15400	-1307.9432121833556	-1314.891936557757	6.948724374401241	-1314.891936557757	0.024421804807328192	1.0	2.1012263016506503	0.02057394946832845	5.166221083681888
15600	-1305.6046655957152	-1312.5689960885297	6.964330492814494	-1312.5689960885297	0.031324580112682146	1.0	2.1012263016506503	0.02385889512355022	5.329958624439779
15800	-1306.5211909287925	-1313.62216719004	7.10097626124742	-1313.62216719004	0.022661246673766434	1.0	2.1012263016506503	0.025421738022850363	5.530051919600011
16000	-1305.7389670844227	-1312.149162344581	6.4101952601584395	-1312.149162344581	0.027976305096014214	1.0	2.1012263016506503	0.04134851774681386	5.325702857144209
16200	-1305.9374271565623	-1312.2245186317198	6.28709147515746	-1312.2245186317198	0.02929246986344617	1.0	2.1012263016506503	0.04071077204164909	5.187055224583762
16400	-1305.9175980889652	-1312.5200148700026	6.602416781037396	-1312.5200148700026	0.022155044258726483	1.0	2.1012263016506503	0.04064379129820502	5.500733892442949
16600	-1306.1589219951393	-1312.060807069755	5.901885074615699	-1312.060807069755	0.028524391461320898	1.0	2.1012263016506503	0.05090117126096889	5.02524203159694
16800	-1304.739942123872	-1312.2879620029944	7.548019879122413	-1312.2879620029944	0.023787070168865873	1.0	1.0552790457379397	0.04146065244468579	5.420288489488651
17000	-1303.9649236166722	-1312.637561020263	8.672637403590873	-1312.637561020263	0.02615240920546155	1.0	0.3674452042309318	0.028576585934392044	5.484915037746557
17200	-1303.5764456886152	-1312.506150728036	8.929705039420677	-1312.506150728036	0.025376616793496877	1.0	0.3674452042309318	0.02571977338701227	5.636655053230723
17400	-1303.6370823504433	-1312.4078809685693	8.770798618125983	-1312.4078809685693	0.02633149931499476	1.0	0.3674452042309318	0.02899212858167659	5.5975129082998984
17600	-1304.1525636537276	-1312.7444060730431	8.591842419315523	-1312.7444060730431	0.02373777299009622	1.0	0.3674452042309318	0.03369818922541723	5.568976448295542
17800	-1303.9282417485683	-1312.4465231434883	8.51828139492	-1312.4465231434883	0.02572091721938982	1.0	0.3674452042309318	0.034319090795401616	5.51367310246216
18000	-1305.3403846029669	-1313.1309911872572	7.790606584290295	-1313.1309911872572	0.032740732171565534	1.0	0.27079025975087256	0.046339391830960794	4.989633959915007
18200	-1305.1193042909251	-1313.4845560058025	8.365251714877429	-1313.4845560058025	0.03310639108026415	1.0	0.27079025975087256	0.03585418228862822	5.307746916658117
18400	-1305.178755401823	-1313.5853964449634	8.406641043140304	-1313.5853964449634	0.024006752242464187	1.0	0.27079025975087256	0.036371024214779946	5.363448443489702
18600	-1306.2006588050263	-1314.2069295573524	8.006270752326134	-1314.2069295573524	0.03592021114234023	1.0	0.27079025975087256	0.04207329635825843	5.108718981757995
18800	-1304.5130815414818	-1312.812708397977	8.299626856495225	-1312.812708397977	0.024532847748002923	1.0	0.27079025975087256	0.04052594941274716	5.364604332439704
19000	-1304.8392196130997	-1312.9487480176583	8.109528404558576	-1312.9487480176583	0.03197409792892705	1.0	0.27079025975087256	0.04052594941274716	5.174505880503055
19200	-1304.682135043747	-1313.3729185886991	8.6907835449522	-1313.3729185886991	0.02852798660803476	1.0	0.27079025975087256	0.03366424475475166	5.570254813328751
19400	-1304.4900918384292	-1312.9288161251532	8.438724286724078	-1312.9288161251532	0.031914467907038016	1.0	0.27079025975087256	0.03266484199539578	5.288058598651396
19600	-1306.5253303389175	-1314.3600449320809	7.834714593163332	-1314.3600449320809	0.019879026037123736	1.0	0.27079025975087256	0.05375418032373208	5.182171011380422
19800	-1305.3421157045466	-1313.2516565343283	7.909540829781761	-1313.2516565343283	0.022610247599466855	1.0	0.27079025975087256	0.05027303769060298	5.190044713932853
20000	-1307.1150056743018	-1314.5103635194419	7.395357845140156	-1314.5103635194419	0.037855081058190895	1.0	0.27079025975087256	0.053380227315225154	4.735833228310543
20200	-1305.630797359445	-1313.5657619665797	7.934964607134589	-1313.5657619665797	0.03249903897721622	1.0	0.27079025975087256	0.04640442544338708	5.135394418522605
20400	-1305.573117368329	-1313.257261581094	7.684144212765274	-1313.257261581094	0.023500158022994995	1.0	0.27079025975087256	0.05700245661404359	5.090273558931838
20600	-1303.8791892312897	-1312.549117447091	8.669928215801345	-1312.549117447091	0.02775388232068149	1.0	0.27079025975087256	0.030717670688431467	5.457801278030484
20800	-1306.1638005797138	-1314.6644882542782	8.500687674564466	-1314.6644882542782	0.01936525813849798	1.0	0.27079025975087256	0.04011859343903926	5.555562558964883
21000	-1306.1387736605736	-1312.9418313874858	6.803057726912185	-1312.9418313874858	0.023171067380046127	1.0	0.38866466678717465	0.07756694134000938	4.635108437477123
21200	-1305.7131316927596	-1313.1247273074473	7.411595614687746	-1313.1247273074473	0.022392745384293405	1.0	0.38866466678717465	0.059346372348217415	4.975895998651179
21400	-1304.9335331868244	-1312.5232302896275	7.589697102802928	-1312.5232302896275	0.02980808623491225	1.0	0.38866466678717465	0.05087480808382342	4.99997436205547
21600	-1305.2526122235092	-1312.8338505516704	7.581238328161048	-1312.8338505516704	0.031184807499954507	1.0	0.4725026599801694	0.04683300535872901	4.992573906223787
21800	-1305.051826393802	-1312.6636218139156	7.611795420113612	-1312.6636218139156	0.030993022610909433	1.0	0.4725026599801694	0.047192161449725475	5.03077060893145
22000	-1309.0274440173855	-1315.8930196226324	6.8655756052468195	-1315.8930196226324	0.03990057472984256	1.0	0.4725026599801694	0.0651963059964353	4.607725797076029
22200	-1304.8222563684205	-1313.0365723253783	8.214315956957698	-1313.0365723253783	0.02201793320519592	1.0	0.4725026599801694	0.040514027500880526	5.480711610146555
22400	-1303.1708863562076	-1312.7548088230026	9.583922466795096	-1312.7548088230026	0.023050312057008988	1.0	0.4725026599801694	0.014671868688848665	5.834601813488607
22600	-1303.488415971134	-1313.3519694519553	9.86355348082142	-1313.3519694519553	0.021519055472622905	1.0	0.4725026599801694	0.009912362662542506	5.722083593707641
22800	-1304.840289436596	-1312.8250499477153	7.984760511119153	-1312.8250499477153	0.026846552808898316	1.0	0.45471159621593166	0.008340221919137473	3.6528066533788786
23000	-1304.6089332917397	-1313.9230893144122	9.314156022672485	-1313.9230893144122	0.021459431903038024	1.0	0.45471159621593166	0.01675251322776917	5.6796606303708685
23200	-1303.1096381863658	-1312.7235759417813	9.613937755415554	-1312.7235759417813	0.02393078549341374	1.0	0.45471159621593166	0.01509688550116889	5.875382536995343
23400	-1304.4557074445975	-1313.584194693576	9.128487248978502	-1313.584194693576	0.021899199180108887	1.0	0.45471159621593166	0.021389519183400464	5.73834461048456
23600	-1303.627519765317	-1312.4708840605176	8.843364295200743	-1312.4708840605176	0.029289194942411615	1.0	0.4527950699776769	0.013999392319902573	5.027418009148242
23800	-1304.6041006949383	-1313.2989330688947	8.694832373956462	-1313.2989330688947	0.025243459991864677	1.0	0.4527950699776769	0.011402536388020823	4.673707985782448
24000	-1304.1554187852553	-1313.1444851949798	8.989066409724414	-1313.1444851949798	0.03090283045408765	1.0	0.4527950699776769	0.021276902257299724	5.591728283981352
24200	-1303.729468206853	-1312.683393942203	8.953925735350149	-1312.683393942203	0.030682082456280877	1.0	0.4153367249648591	0.012834391240811177	5.013635564909898
24400	-1303.7795372209252	-1312.9562083310775	9.176671110152206	-1312.9562083310775	0.030399691327200926	1.0	0.4153367249648591	0.01675933080927637	5.503207722544257
24600	-1304.3625201570387	-1314.2175314348733	9.855011277834691	-1314.2175314348733	0.023870252565995103	1.0	0.4153367249648591	0.016722531804962127	6.179349743752305
24800	-1303.8457409460573	-1313.1396850378947	9.293944091837481	-1313.1396850378947	0.022745513561735986	1.0	0.3497750471582141	0.020950091867782808	5.778106891469123
25000	-1304.2723704267391	-1313.9759933988005	9.703622972061314	-1313.9759933988005	0.020813978745378877	1.0	0.3497750471582141	0.02056583868988055	6.169274123479669
25200	-1303.3152695953854	-1312.9133630686736	9.598093473288202	-1312.9133630686736	0.024641101903648654	1.0	0.2117554748780521	0.018094918942048142	5.797724846612455
25400	-1303.6904683530774	-1312.7711896096396	9.080721256562098	-1312.7711896096396	0.027711287642923355	1.0	0.2117554748780521	0.02184662234993317	5.4687677785232625
25600	-1303.6301315550252	-1313.2064282729461	9.57629671792094	-1313.2064282729461	0.023496442804773785	1.0	0.2117554748780521	0.01731969426351124	5.732141164573127
25800	-1305.3932366898296	-1313.9020489503082	8.508812260478686	-1313.9020489503082	0.03280628208571716	1.0	0.2117554748780521	0.015941630543390716	4.58174641706416
26000	-1303.1949554004323	-1312.924029867409	9.729074466976629	-1312.924029867409	0.025945676269980983	1.0	0.2117554748780521	0.013379805181027547	5.626821157005303
26200	-1303.6136944400607	-1313.5175343389317	9.903839898870938	-1313.5175343389317	0.022141371773121362	1.0	0.2117554748780521	0.01273212799322325	5.751968657012643
26400	-1303.8276477742363	-1313.1424138316981	9.314766057461824	-1313.1424138316981	0.030096838954383972	1.0	0.2117554748780521	0.01977540202428721	5.603205096730836
26600	-1303.2259256137463	-1312.6965129225541	9.470587308807772	-1312.6965129225541	0.026420575979506433	1.0	0.2117554748780521	0.016751399234431568	5.593069295869767
26800	-1304.7148956512394	-1313.4221485044795	8.707252853240119	-1313.4221485044795	0.028986107653309074	1.0	0.2117554748780521	0.012978550448645824	4.5745510784165955
27000	-1303.1926764407094	-1312.8335941285077	9.640917687798197	-1312.8335941285077	0.026486619943413607	1.0	0.2404382423827704	0.01514434778532569	5.691228030064401
27200	-1303.3100871887514	-1312.686881222909	9.376794034157774	-1312.686881222909	0.026980640533188386	1.0	0.21012891645048362	0.011044901904058366	5.08113662697921
27400	-1304.0208966379828	-1312.994324415899	8.973427777916182	-1312.994324415899	0.03172651482542393	1.0	0.21059210767438147	0.012346699270976235	4.789653368452624
27600	-1305.49975357225	-1313.964745755476	8.464992183226139	-1313.964745755476	0.03504091233868032	1.0	0.21059210767438147	0.025619695169946805	5.011190410187648
27800	-1304.224702370312	-1312.8881842738012	8.66348190348929	-1312.8881842738012	0.030470838646475977	1.0	0.21059210767438147	0.03172290686964039	5.423357766289087
28000	-1306.061151608833	-1314.8872057878373	8.826054179004384	-1314.8872057878373	0.02540422778065294	1.0	0.21059210767438147	0.035640505302006874	5.702373788145051
28200	-1305.381131212546	-1313.3592407730503	7.978109560504279	-1313.3592407730503	0.02428233340824726	1.0	0.11248603350092823	0.05188020204682089	5.131777568966831
28400	-1306.8239210532838	-1313.4184134471711	6.594492393887378	-1313.4184134471711	0.03227593453591436	1.0	0.11248603350092823	0.08681650640917188	4.263019917997495
28600	-1305.8607900316504	-1312.941482034078	7.0806920024276465	-1312.941482034078	0.026164411769714804	1.0	0.14552597077069718	0.07393536682116128	4.621653984430056
28800	-1307.960318594781	-1315.0889053983756	7.12858680359452	-1315.0889053983756	0.026561084468117422	1.0	0.14552597077069718	0.0674887358860123	4.578318203573474
29000	-1307.7005656738372	-1314.6504444120737	6.949878738236425	-1314.6504444120737	0.02043426031004621	1.0	0.14552597077069718	0.08218852271220876	4.596665095966293
29200	-1308.4944786555127	-1314.2918707082893	5.797392052776619	-1314.2918707082893	0.025587414925627806	1.0	0.14552597077069718	0.12534753112733146	3.8662528731425003
29400	-1307.077465145202	-1312.852323332207	5.774858187004979	-1312.852323332207	0.028586848175767322	1.0	0.14552597077069718	0.12259654956753177	3.821527758078494
29600	-1306.6817237394073	-1313.4100372879032	6.728313548495967	-1313.4100372879032	0.02900143615243068	1.0	0.14552597077069718	0.08168046569382827	4.368899115567244
29800	-1306.1176761955014	-1313.1068169531527	6.989140757651388	-1313.1068169531527	0.027348937796389788	1.0	0.14552597077069718	0.0775526266068459	4.577868208338646
30000	-1305.5916665952707	-1312.8637637861484	7.272097190877807	-1312.8637637861484	0.028304406929535238	1.0	0.14552597077069718	0.06754218365110125	4.722620228328585
30200	-1307.1590923436636	-1313.0665084669972	5.907416123333663	-1313.0665084669972	0.02610133136050207	1.0	0.14552597077069718	0.11684806864062089	3.906061347434941
30400	-1306.865153842505	-1313.4669597025181	6.601805860013206	-1313.4669597025181	0.024736077062202256	1.0	0.1433702330611869	0.08926265399726728	4.329004006183947
30600	-1307.419288474353	-1314.4657011276863	7.046412653333368	-1314.4657011276863	0.034101043113457456	1.0	0.07766910162534899	0.06933125475945598	4.455222287129473
30800	-1304.271574620504	-1313.1358192298094	8.864244609305306	-1313.1358192298094	0.026901188832441147	1.0	0.07766910162534899	0.0323545706088099	5.510913729122887
31000	-1304.6837853251936	-1313.7184545455598	9.034669220366155	-1313.7184545455598	0.02447853113046371	1.0	0.07766910162534899	0.03264515721785725	5.690279563622191
31200	-1308.2007433539272	-1316.1699569081152	7.969213554188018	-1316.1699569081152	0.04379714722724957	1.0	0.07766910162534899	0.03853941721032434	4.790808918019783
31400	-1305.2982574593432	-1313.8369738441904	8.538716384847268	-1313.8369738441904	0.030470725203869106	1.0	0.07766910162534899	0.031674396589343796	5.164138883456048
31600	-1306.125348128051	-1313.5824735988704	7.457125470819282	-1313.5824735988704	0.030661194867622463	1.0	0.07766910162534899	0.06439038054306387	4.792003544966606
31800	-1303.7245597359567	-1313.4314497985251	9.706890062568412	-1313.4314497985251	0.026226406375484953	1.0	0.07766910162534899	0.018930325738913283	5.8175690578343735
32000	-1305.9473784506142	-1313.6692687821946	7.721890331580338	-1313.6692687821946	0.023853267397243017	1.0	0.07766910162534899	0.05866706441107086	4.963682640304773
32200	-1306.5899581299839	-1313.7308592016918	7.140901071708024	-1313.7308592016918	0.028824244840832493	1.0	0.07766910162534899	0.07026605052629416	4.563103653710762
32400	-1304.1446724480234	-1313.119987791165	8.97531534314148	-1313.119987791165	0.029150775584358326	1.0	0.05554996765963763	0.028565800942245045	5.475320262889729
32600	-1303.6410284004205	-1313.1442269273402	9.503198526919752	-1313.1442269273402	0.02884796024581531	1.0	0.05554996765963763	0.0167946322338102	5.472052541060055
32800	-1304.700289528798	-1313.9786362545642	9.278346725766148	-1313.9786362545642	0.02498097435329791	1.0	0.05554996765963763	0.022126594223523564	5.522921658042284
33000	-1305.027738186545	-1313.8487534328012	8.821015246256097	-1313.8487534328012	0.03470821535668885	1.0	0.05554996765963763	0.017190775080439456	4.813182842342677
33200	-1304.2369511719492	-1313.4759716404108	9.239020468461492	-1313.4759716404108	0.031993170219944425	1.0	0.05554996765963763	0.012148590197339321	4.884028287052388
33400	-1305.462647624343	-1315.0766051715925	9.61395754724957	-1315.0766051715925	0.02222916464709643	1.0	0.05554996765963763	0.0136751166623085	5.377330115263334
33600	-1304.937914660872	-1314.2006697250852	9.262755064213245	-1314.2006697250852	0.025869642890478422	1.0	0.05554996765963763	0.01565294474403597	5.1612088147347635
33800	-1304.6878360900425	-1313.2986046580836	8.610768568041125	-1313.2986046580836	0.030690643373302892	1.0	0.05554996765963763	0.009926344762058316	4.053755566512437
34000	-1304.436611435649	-1314.6243203314154	10.187708895766574	-1314.6243203314154	0.02095810850869927	1.0	0.05554996765963763	0.011942443397848071	5.815602311158455
34200	-1304.3919455704063	-1313.592057315869	9.20011174546277	-1313.592057315869	0.03347369000404914	1.0	0.05554996765963763	0.016625556782632563	5.158847510806055
34400	-1307.7428398528984	-1317.3081961071666	9.565356254268211	-1317.3081961071666	0.02037176152457654	1.0	0.05554996765963763	0.029570491883372987	6.099927911212597
34600	-1306.1197010489211	-1315.606206893868	9.486505844946832	-1315.606206893868	0.020748596171476386	1.0	0.05554996765963763	0.022655416798477858	5.754699509211713
34800	-1303.7118166382797	-1313.4453490650028	9.733532426723025	-1313.4453490650028	0.02763863808536261	1.0	0.05554996765963763	0.011444224677292905	5.3188123231545745
35000	-1303.8034531831363	-1313.0647869490258	9.261333765889571	-1313.0647869490258	0.0266095660364573	1.0	0.12638749739686514	0.011043290360042406	4.881789020607107
35200	-1304.1125481287913	-1313.0169897021776	8.904441573386386	-1313.0169897021776	0.02979696134031983	1.0	0.12638749739686514	0.028919626389224653	5.487594270240065
35400	-1304.869302061884	-1315.2300321161865	10.36073005430252	-1315.2300321161865	0.019927452139423592	1.0	0.12638749739686514	0.015537664183349583	6.322629296407312
35600	-1304.1501239043002	-1313.1450434682338	8.994919563933436	-1313.1450434682338	0.02564883256250564	1.0	0.12638749739686514	0.008518226992451963	4.355760002056219
35800	-1303.526676715555	-1313.458949629597	9.93227291404229	-1313.458949629597	0.02384989703665301	1.0	0.12638749739686514	0.014654668546767755	5.835664089289232
36000	-1303.8577183995417	-1313.3354755670912	9.477757167549495	-1313.3354755670912	0.027869744417348095	1.0	0.07584725803972166	0.009618069112441464	4.909492675176125
36200	-1304.982979174725	-1313.7765199095388	8.793540734813922	-1313.7765199095388	0.031883005673748105	1.0	0.07584725803972166	0.015151856036756936	4.67975574900009
36400	-1304.443527686129	-1314.409193610517	9.965665924387746	-1314.409193610517	0.023251086115458598	1.0	0.13554657329285782	0.007251622370985953	5.174682437839498
36600	-1303.4556486850095	-1313.0375360242124	9.581887339202828	-1313.0375360242124	0.02645346381121285	1.0	0.13554657329285782	0.018620854706698484	5.733960806924363
36800	-1303.7114138299446	-1313.7607273726107	10.049313542666116	-1313.7607273726107	0.024982513172097532	1.0	0.13554657329285782	0.013376388436880863	5.8705959327361175
37000	-1303.4652180547087	-1313.328897933792	9.863679879083367	-1313.328897933792	0.024400051049204004	1.0	0.13554657329285782	0.015572404849307286	5.836971601347065
37200	-1303.4816347860256	-1312.8851651530872	9.403530367061753	-1312.8851651530872	0.02807876417852304	1.0	0.13554657329285782	0.015572404849307286	5.376822089325451
37400	-1304.9413295625827	-1313.1035279624505	8.162198399867675	-1313.1035279624505	0.030874695689198917	1.0	0.13554657329285782	0.041733480491176846	5.1212933903164775
37600	-1305.5355476917666	-1313.7134856285988	8.177937936832295	-1313.7134856285988	0.03455796841792266	1.0	0.13554657329285782	0.04132048896496013	5.127087708939155
37800	-1305.598263597279	-1314.2249514000027	8.626687802723838	-1314.2249514000027	0.032285304712734914	1.0	0.13554657329285782	0.01912205380019244	4.805321415217151
38000	-1305.331453663312	-1313.3229657339334	7.991512070621464	-1313.3229657339334	0.03298071460119779	1.0	0.13554657329285782	0.0461096152165773	5.050324866214165
38200	-1305.3647863794574	-1313.5305855285906	8.165799149133068	-1313.5305855285906	0.02391617975253858	1.0	0.13554657329285782	0.0461096152165773	5.224611944725769
38400	-1304.3236377911098	-1313.0258603845427	8.702222593433016	-1313.0258603845427	0.026689256042790526	1.0	0.11267132077907879	0.03484499773532515	5.458048225127616
38600	-1307.3715395485196	-1314.5740547489354	7.202515200415716	-1314.5740547489354	0.0385187412039428	1.0	0.11267132077907879	0.06459516705430442	4.575570836801692
38800	-1306.4513126741604	-1314.4978654199574	8.046552745797074	-1314.4978654199574	0.03241569241198964	1.0	0.11267132077907879	0.04867758017274378	5.136687345618814
39000	-1305.8296145597249	-1315.252830385694	9.423215825969285	-1315.252830385694	0.03241569241198964	1.0	0.11267132077907879	0.021448968981509185	5.6938084458549305
39200	-1304.6698268200632	-1313.6401158847207	8.970289064657386	-1313.6401158847207	0.03453862387548949	1.0	0.11267132077907879	0.015232249346108164	4.898619954255654
39400	-1304.2692477048	-1313.188547794565	8.919300089764988	-1313.188547794565	0.025404540668644466	1.0	0.10973635914973695	0.031292433276866025	5.564657489909916
39600	-1309.1181232402794	-1314.7438174809688	5.625694240689407	-1314.7438174809688	0.028224181792302728	1.0	0.10973635914973695	0.13445813093707554	3.728928177288682
39800	-1307.7781514639273	-1313.727193275837	5.949041811909703	-1313.727193275837	0.027553222818938888	1.0	0.07663985000300881	0.11604311881138081	3.871888218859661
40000	-1313.166646275045	-1316.6324930287792	3.46584675373414	-1316.6324930287792	0.03866238350166148	1.0	0.05407061224826353	0.2840732496267544	2.2613942131264784
40200	-1311.23892466465	-1314.99981045295	3.760885788299838	-1314.99981045295	0.02426188623242733	1.0	0.05407061224826353	0.2636008567370062	2.481637174329422
40400	-1308.596401991293	-1313.6503317053161	5.053929714023116	-1313.6503317053161	0.03413863881672757	1.0	0.05407061224826353	0.16287999632021	3.2932587580593697
40600	-1306.9072784671264	-1313.224526926779	6.317248459652641	-1313.224526926779	0.027998351898070994	1.0	0.05407061224826353	0.10408189857396062	4.108741868443582
40800	-1307.5458748757442	-1313.8846600575948	6.33878518185069	-1313.8846600575948	0.02344282458099211	1.0	0.05407061224826353	0.10391067417087908	4.128632142987262
41000	-1305.8085791758353	-1313.378423797305	7.569844621469745	-1313.378423797305	0.026219728712649375	1.0	0.05407061224826353	0.06363673715879872	4.869350886601944
41200	-1306.3104799417474	-1313.8780132745724	7.567533332824922	-1313.8780132745724	0.02328754128890215	1.0	0.05407061224826353	0.06363673715879872	4.867039597957122
41400	-1307.9321379279663	-1315.8239795255045	7.891841597538086	-1315.8239795255045	0.02957451592614148	1.0	0.05407061224826353	0.04497633811027528	4.8442934625111755
41600	-1305.4338600699332	-1313.167485087383	7.733625017449946	-1313.167485087383	0.02961841688860413	1.0	0.05407061224826353	0.055677728671027174	4.899520573363991
41800	-1304.863366726733	-1313.4393877953148	8.57602106858187	-1313.4393877953148	0.030208929740632728	1.0	0.05407061224826353	0.033490510574565195	5.233598534120614
42000	-1305.7580959239683	-1314.3833641124397	8.625268188471363	-1314.3833641124397	0.03609234107964348	1.0	0.05407061224826353	0.03293428455585015	5.26609772068089
42200	-1304.3635787393196	-1314.6941003576587	10.330521618339152	-1314.6941003576587	0.02293240136564586	1.0	0.05407061224826353	0.014286316438199359	6.136139138323696
42400	-1303.5196585226138	-1313.2785248932519	9.758866370638096	-1313.2785248932519	0.02605668450662563	1.0	0.05407061224826353	0.014286316438199359	5.564483890622641
42600	-1304.8071375552627	-1313.6600064498666	8.852868894603988	-1313.6600064498666	0.034388991468846705	1.0	0.05407061224826353	0.025307124571448923	5.230270187575315
42800	-1303.7017424440965	-1313.639776869144	9.938034425047523	-1313.639776869144	0.026099665770977675	1.0	0.07957410963083361	0.011738527121471536	5.5727296040886305
43000	-1304.061555899027	-1313.1024409887586	9.040885089731551	-1313.1024409887586	0.029715880560182872	1.0	0.14160600051358888	0.026828946461418403	5.56421720774426
43200	-1307.402422374292	-1315.5338689049943	8.131446530702334	-1315.5338689049943	0.032550231502327914	1.0	0.14160600051358888	0.014867369423656107	4.064466092123986
43400	-1306.6277604818295	-1313.8188596857358	7.1910992039063695	-1313.8188596857358	0.02917170878237411	1.0	0.14160600051358888	0.0658769173500872	4.612738037759456
43600	-1304.2547885732552	-1313.2693547486838	9.014566175428651	-1313.2693547486838	0.029945110707425962	1.0	0.14160600051358888	0.027804459944655448	5.573613334453097
43800	-1305.7749526666823	-1313.9470187840154	8.172066117333173	-1313.9470187840154	0.02213417687577581	1.0	0.14160600051358888	0.04728337101452155	5.262075508374319
44000	-1305.0134041136512	-1313.0814559908968	8.068051877245546	-1313.0814559908968	0.02951930024460413	1.0	0.14160600051358888	0.04728337101452155	5.158061268286692
44200	-1304.6942029266118	-1313.832108509371	9.137905582759288	-1313.832108509371	0.022058638467514755	1.0	0.14160600051358888	0.03006322529315782	5.775058978041416
44400	-1304.499826555563	-1313.6031658451323	9.103339289569346	-1313.6031658451323	0.03199756848455122	1.0	0.14160600051358888	0.024422405332321883	5.532690973389782
44600	-1305.1874267479616	-1312.8717867930466	7.684360045084887	-1312.8717867930466	0.02831279581783086	1.0	0.14160600051358888	0.056343183652783874	4.949672035327195
44800	-1304.989172928071	-1312.715040430417	7.725867502346022	-1312.715040430417	0.029061001666782327	1.0	0.30083855195746456	0.048954580333957984	5.009843711604846
45000	-1304.8201995881811	-1312.8716204217546	8.051420833573435	-1312.8716204217546	0.030109023721054128	1.0	0.30083855195746456	0.006853922631888809	3.369325241914243
45200	-1305.88207275975	-1314.543340895591	8.66126813584117	-1314.543340895591	0.026528012796598607	1.0	0.30083855195746456	0.022287505640495992	5.158377645084624
45400	-1304.8415698421823	-1313.663369176785	8.821799334602646	-1313.663369176785	0.02720563577839765	1.0	0.30083855195746456	0.017325051869894234	5.067036146582748
45600	-1307.0758579435196	-1315.0593881031562	7.983530159636632	-1315.0593881031562	0.037674190521789684	1.0	0.30083855195746456	0.015227629893132127	4.099724966472008
45800	-1306.2296850316504	-1314.959249848898	8.729564817247535	-1314.959249848898	0.037674190521789684	1.0	0.30083855195746456	0.013917558360018279	4.755799324572751
46000	-1304.992697379647	-1313.656127677292	8.663430297644922	-1313.656127677292	0.03461854128551975	1.0	0.30083855195746456	0.011825707765982957	4.5267893565671855
46200	-1304.0655004050627	-1312.511426896932	8.445926491869315	-1312.511426896932	0.028558342331991754	1.0	0.30083855195746456	0.035038717881794426	5.3954634401119606
46400	-1305.7142211208352	-1315.032972399262	9.318751278426795	-1315.032972399262	0.023860552026265233	1.0	0.30083855195746456	0.005344962294412603	4.387989041488039
46600	-1304.3409046609197	-1313.0654528971704	8.724548236250765	-1313.0654528971704	0.027433067432924108	1.0	0.30083855195746456	0.025554670054864285	5.358451590185694
46800	-1304.0284125904138	-1313.134965362796	9.106552772382193	-1313.134965362796	0.02262233551532935	1.0	0.30083855195746456	0.02668644395337196	5.78379176472958
47000	-1304.1414860582993	-1313.0124733910307	8.87098733273127	-1313.0124733910307	0.025600563504316685	1.0	0.4619201356103081	0.0197262866784856	5.407104284812386
47200	-1303.8659350806681	-1312.358640935998	8.492705855329913	-1312.358640935998	0.02725896196591554	1.0	0.4619201356103081	0.03252239193118716	5.528799546552364
47400	-1303.2239843412524	-1312.5321982647624	9.308213923509948	-1312.5321982647624	0.025103123806481078	1.0	0.4619201356103081	0.01977669636968629	5.846883073661882
47600	-1303.995473117469	-1313.0643464347834	9.06887331731436	-1313.0643464347834	0.021992166679723132	1.0	0.4619201356103081	0.02593262876811195	5.87854014776497
47800	-1303.2095727132576	-1312.7235348410393	9.513962127781728	-1312.7235348410393	0.026968621995202675	1.0	0.3511160651287154	0.015578224996494597	5.703197019542622
48000	-1303.264470865467	-1313.1402537082577	9.875782842790702	-1313.1402537082577	0.023960437838092305	1.0	0.3511160651287154	0.011565431199552393	5.767164208798286
48200	-1304.7261943683354	-1314.821818205798	10.095623837462657	-1314.821818205798	0.023960437838092305	1.0	0.3511160651287154	0.008465306315406457	5.674960824647896
48400	-1305.2592336230366	-1313.4328142260251	8.173580602988569	-1313.4328142260251	0.03436701340584511	1.0	0.3511160651287154	0.010258137301298605	3.945012662814619
48600	-1303.8358330043086	-1313.688956768607	9.85312376429843	-1313.688956768607	0.02088799284406591	1.0	0.3511160651287154	0.0166523327886519	6.109034864483873
48800	-1304.8724932865914	-1313.4320516756925	8.559558389100996	-1313.4320516756925	0.03393619069783489	1.0	0.3511160651287154	0.027906278765527214	5.331770884115384
49000	-1304.65669028992	-1312.9026046449958	8.24591435507569	-1312.9026046449958	0.02758050188643799	1.0	0.3511160651287154	0.03556108960752781	5.260527192780081
49200	-1308.8920198122755	-1315.0432796193395	6.1512598070638935	-1315.0432796193395	0.03873015626031598	1.0	0.7319481463946257	0.07807094365844187	4.333070621873072
49400	-1304.02648470572	-1312.3303189233668	8.303834217646923	-1312.3303189233668	0.028118511933867933	1.0	0.7319481463946257	0.02692274857591296	5.42099868625516
49600	-1305.2234753772805	-1313.1265780342474	7.903102656966928	-1313.1265780342474	0.02919305066213561	1.0	0.7319481463946257	0.03958530014467032	5.405753365257011
49800	-1304.3776871825803	-1312.2721213956331	7.894434213052836	-1312.2721213956331	0.026967286830607364	1.0	0.7319481463946257	0.03958530014467032	5.39708492134292
50000	-1304.911170417328	-1312.3516352615393	7.440464844211277	-1312.3516352615393	0.027034620298992663	1.0	0.5206103902879862	0.05427119546022034	5.047313571361994
50200	-1303.3155051722151	-1312.5026562649584	9.187151092743367	-1312.5026562649584	0.024336170474975275	1.0	0.5206103902879862	0.017644741431848666	5.670444007164216
50400	-1304.6731617420853	-1313.3367549934355	8.663593251350246	-1313.3367549934355	0.026610275123552737	1.0	0.5206103902879862	0.018446872948093537	5.191343230869723
50600	-1304.1708367339143	-1313.2274474045669	9.056610670652702	-1313.2274474045669	0.03128934515905358	1.0	0.5206103902879862	0.016349698332795034	5.463675228538023
50800	-1303.1852386472165	-1312.5178996785824	9.332661031365834	-1312.5178996785824	0.025399384243498305	1.0	0.5206103902879862	0.018120758220285672	5.842574286797692
51000	-1303.2414570349586	-1312.4890696164182	9.247612581459716	-1312.4890696164182	0.02511966863764306	1.0	0.5206103902879862	0.019866382373799275	5.849496668022709
51200	-1306.3837147671834	-1314.5966620091367	8.21294724195322	-1314.5966620091367	0.037756314392991513	1.0	0.5206103902879862	0.022231321935686794	4.927304545759829
51400	-1303.1616987494199	-1312.5301080089139	9.3684092594939	-1312.5301080089139	0.023796554907732286	1.0	0.5206103902879862	0.016281194521159652	5.771275102218042
51600	-1303.9794874345487	-1312.6909988256043	8.711511391055552	-1312.6909988256043	0.03136478098599356	1.0	0.5206103902879862	0.014933600340133657	5.027980232874052
51800	-1304.4441124877908	-1313.7897737293576	9.345661241566786	-1313.7897737293576	0.021043341215506273	1.0	0.5206103902879862	0.023445039102344228	6.1131752732457745
52000	-1306.6202828593575	-1315.1887666453317	8.568483785974244	-1315.1887666453317	0.02448318647126259	1.0	0.5206103902879862	0.017024210432130725	5.015975371272866
52200	-1303.4950543808723	-1312.6329011345042	9.137846753631866	-1312.6329011345042	0.02475491787993082	1.0	0.5206103902879862	0.022822908963659485	5.8784666755533355
52400	-1304.7900272813713	-1312.4533933400107	7.663366058639537	-1312.4533933400107	0.025743645151944473	1.0	0.5206103902879862	0.04748634080877408	5.136663277711579
52600	-1303.322907900742	-1312.2377220597552	8.914814159013314	-1312.2377220597552	0.025439497820071027	1.0	0.6224018039726912	0.02144325969687543	5.694871046750383
52800	-1304.2509212814357	-1312.9632961851391	8.712374903703381	-1312.9632961851391	0.0295683307434518	1.0	0.6224018039726912	0.008864046804531955	4.609024838979593
53000	-1304.2283092724667	-1312.551203206652	8.32289393418526	-1312.551203206652	0.03045441402723293	1.0	0.6224018039726912	0.027280816236907736	5.343724212411222
53200	-1303.9971025248399	-1312.7625873580307	8.765484833190792	-1312.7625873580307	0.02600496621387225	1.0	0.6224018039726912	0.027280816236907736	5.786315111416753
53400	-1303.6946768718435	-1312.6122497822505	8.917572910406957	-1312.6122497822505	0.029325524948748377	1.0	0.3091093696444475	0.021551091457572703	5.389353464019662
53600	-1303.1871540317743	-1312.4902472784947	9.30309324672033	-1312.4902472784947	0.026477788536083312	1.0	0.3091093696444475	0.012546113030284441	5.233858236285256
53800	-1303.1854738168197	-1312.8202987962063	9.63482497938653	-1312.8202987962063	0.023758745523763572	1.0	0.3091093696444475	0.014531172541921728	5.7124752423738645
54000	-1303.4172097579994	-1312.7625646888935	9.345354930894086	-1312.7625646888935	0.02408144571564145	1.0	0.3091093696444475	0.021691017354571372	5.823607249609239
54200	-1303.4991340758427	-1312.5199330462945	9.020798970451729	-1312.5199330462945	0.024900781973695548	1.0	0.43116275750815347	0.00781893943834861	4.600755372642961
54400	-1304.7340080042973	-1314.1382017245064	9.404193720209102	-1314.1382017245064	0.027737040342889183	1.0	0.43116275750815347	0.020247968347056233	5.935655658713989
54600	-1306.0082897267441	-1313.2033018830255	7.195012156281308	-1313.2033018830255	0.028705673641382046	1.0	0.43116275750815347	0.06341677110831949	4.868147989791394
54800	-1304.855381779315	-1312.7967786431984	7.94139686388353	-1312.7967786431984	0.02397769175180998	1.0	0.43116275750815347	0.04700277611447427	5.315011008640672
55000	-1303.117113913808	-1312.657119077681	9.540005163873115	-1312.657119077681	0.02363023632799238	1.0	0.43116275750815347	0.014107844805746733	5.710143654269189
55200	-1303.3439344703097	-1312.4238461309992	9.0799116606895	-1312.4238461309992	0.029026480388313618	1.0	0.43116275750815347	0.017114409227856696	5.4432398928021275
55400	-1305.3987807631859	-1312.9292765230018	7.530495759815855	-1312.9292765230018	0.02542778161531623	1.0	0.43116275750815347	0.05618138829776433	5.082488771314001
55600	-1306.2939480022953	-1313.9859073412138	7.6919593389184815	-1313.9859073412138	0.03444102150156199	1.0	0.43116275750815347	0.047178707810101646	5.069309502539028
55800	-1304.1492690174698	-1312.6645419031784	8.515272885708608	-1312.6645419031784	0.024725990358029495	1.0	0.43116275750815347	0.03510978095330373	5.597160115526342
56000	-1303.7435048200584	-1312.4346335453652	8.691128725306811	-1312.4346335453652	0.026937911266091873	1.0	0.43116275750815347	0.02988448729664456	5.611875730085843
56200	-1304.0924272187833	-1312.8565347140182	8.764107495234942	-1312.8565347140182	0.03139773774936114	1.0	0.43116275750815347	0.024137009516029064	5.471261300896039
56400	-1304.4827947775307	-1314.2273605305636	9.744565753032905	-1314.2273605305636	0.01970194648034288	1.0	0.43116275750815347	0.015003806669206634	5.976277178412063
56600	-1303.2911111879343	-1312.4747651237549	9.183653935820585	-1312.4747651237549	0.024726702371786417	1.0	0.43116275750815347	0.021575757725981533	5.778631771254724
56800	-1304.0387533621365	-1313.5127697272615	9.474016365124942	-1313.5127697272615	0.02594313059795922	1.0	0.43116275750815347	0.00814490142681143	5.094815983337251
57000	-1303.8785949552428	-1312.837567695114	8.958972739871333	-1312.837567695114	0.03144169737499392	1.0	0.3094289226669353	0.013277887866721062	4.946746468774592
57200	-1303.8581276181906	-1313.1101729388515	9.252045320660988	-1313.1101729388515	0.02345461817628242	1.0	0.3094289226669353	0.00678995411818425	4.5691631486305635
57400	-1305.5090640086403	-1312.4844662648907	6.975402256250346	-1312.4844662648907	0.027148101069533453	1.0	0.3094289226669353	0.07127805527608834	4.643664399842353
57600	-1306.3626537357857	-1313.4043205421453	7.041666806359585	-1313.4043205421453	0.02233721233373164	1.0	0.3094289226669353	0.07127805527608834	4.709928949951593
57800	-1306.7271766463111	-1313.1168723333567	6.389695687045629	-1313.1168723333567	0.02713759391533991	1.0	0.3094289226669353	0.08871861712660412	4.2768390867101695
58000	-1308.0988709317737	-1313.2956870331218	5.196816101348185	-1313.2956870331218	0.033283647519917414	1.0	0.3094289226669353	0.13987444699270704	3.5392349580751805
58200	-1305.8113065780858	-1312.4702762990441	6.658969720958247	-1312.4702762990441	0.027982639727991594	1.0	0.3094289226669353	0.08115712670049681	4.457030476072246
58400	-1306.6488072004327	-1313.1990666255965	6.5502594251637625	-1313.1990666255965	0.03085281531557175	1.0	0.3094289226669353	0.08115712670049681	4.348320180277762
58600	-1306.9108380134041	-1313.048355863332	6.137517849927908	-1313.048355863332	0.026591014428551437	1.0	0.3094289226669353	0.0987822858247979	4.1321097890202925
58800	-1304.0811478944968	-1312.596493703642	8.515345809145154	-1312.596493703642	0.027707555232533796	1.0	0.3094289226669353	0.007164971365829801	3.886223517707099
59000	-1306.3516279606404	-1314.5425190513881	8.190891090747705	-1314.5425190513881	0.02146608062452645	1.0	0.3094289226669353	0.041588364815396954	5.320385170641062
59200	-1304.8682856107396	-1312.8024587054842	7.934173094744594	-1312.8024587054842	0.024583267428702704	1.0	0.3094289226669353	0.049244543338785404	5.232645304757689
59400	-1303.918499383403	-1312.7295217066094	8.811022323206426	-1312.7295217066094	0.027050531076929212	1.0	0.3094289226669353	0.030484244316866957	5.629905937256436
59600	-1304.0223805847527	-1312.8201035497816	8.79772296502888	-1312.8201035497816	0.031089395854711623	1.0	0.3094289226669353	0.021984183529381612	5.289719873034892
59800	-1305.8950949425537	-1314.2127010236595	8.317606081105765	-1314.2127010236595	0.035201570906126904	1.0	0.3094289226669353	0.02466212220670524	4.924548277489995
60000	-1304.5011787442018	-1312.6392688714513	8.138090127249601	-1312.6392688714513	0.02872508867172777	1.0	0.22995971932657058	0.04245546578644971	5.208750230283016
60200	-1305.2212640517923	-1314.496097965246	9.274833913453744	-1314.496097965246	0.03361941832325584	1.0	0.22995971932657058	0.01803733637360845	5.489482206400803
60400	-1305.522256774677	-1315.2977752729334	9.77551849825646	-1315.2977752729334	0.01907418063350294	1.0	0.22995971932657058	0.01803733637360845	5.990166791203517
60600	-1306.0607876868041	-1315.326409252883	9.265621566078872	-1315.326409252883	0.034656416926751386	1.0	0.22995971932657058	0.01858040797605933	5.509933697375213
60800	-1303.9545854377013	-1312.9084726659596	8.953887228258258	-1312.9084726659596	0.02819017213602134	1.0	0.22995971932657058	0.022142247626772624	5.373579109554914
61000	-1305.101095081176	-1313.0807313445707	7.979636263394669	-1313.0807313445707	0.03075155674232323	1.0	0.22995971932657058	0.008958779649944883	3.494474721666971
61200	-1303.6575449852835	-1313.3666464204757	9.709101435192174	-1313.3666464204757	0.0278267269108559	1.0	0.22995971932657058	0.014046775041027798	5.6736987105228796
61400	-1305.2877177545972	-1313.8709124425511	8.583194687953837	-1313.8709124425511	0.03269510399277982	1.0	0.22995971932657058	0.033543732264385506	5.418249156510312
61600	-1303.8425210810055	-1313.1692008865725	9.326679805566872	-1313.1692008865725	0.03070643120700213	1.0	0.22995971932657058	0.013080582631257318	5.220013134622427
61800	-1304.8739188565862	-1314.1156382702743	9.24171941368818	-1314.1156382702743	0.020805630861934533	1.0	0.22995971932657058	0.02633766170887918	5.8349237730160874
62000	-1305.2448476234335	-1313.5327436927985	8.287896069364962	-1313.5327436927985	0.0337943223778754	1.0	0.22995971932657058	0.03747923602048809	5.233887583213599
62200	-1303.1337857675123	-1312.6730417061915	9.539255938679155	-1312.6730417061915	0.026454690526543038	1.0	0.22995971932657058	0.01482686733592933	5.55790127455397
62400	-1305.174973020735	-1314.573718042045	9.398745021309779	-1314.573718042045	0.0221260737907699	1.0	0.22995971932657058	0.013788613957277379	5.344792637695582
62600	-1304.407409487532	-1313.931608018634	9.524198531102062	-1313.931608018634	0.023111860366621675	1.0	0.22995971932657058	0.006264999243988314	4.681381439122264
62800	-1303.6746980124992	-1312.7699302806984	9.095232268199123	-1312.7699302806984	0.030429721190446082	1.0	0.22995971932657058	0.014914889600456558	5.1197967245691345
63000	-1304.6484076911393	-1313.449207687452	8.800799996312598	-1313.449207687452	0.029295069504733123	1.0	0.22995971932657058	0.01625463394286682	4.911382470495646
63200	-1303.7948655987682	-1313.658728780295	9.863863181526655	-1313.658728780295	0.024402265209842844	1.0	0.45754348537318884	0.013629727335849811	6.025904628719508
63400	-1304.8250252207297	-1313.1691709465854	8.344145725855807	-1313.1691709465854	0.03202291787330292	1.0	0.45754348537318884	0.026466023590336448	5.169795713942307
63600	-1305.1992296279623	-1312.8495855249726	7.65035589701038	-1312.8495855249726	0.031979799515138685	1.0	0.45754348537318884	0.008257029414092964	3.3112089911524034
63800	-1305.0736107311354	-1313.9849385065475	8.911327775412131	-1313.9849385065475	0.020416391894939337	1.0	0.45754348537318884	0.027729977405919468	5.783630026642203
64000	-1303.7965826046855	-1312.6849230855453	8.888340480859878	-1312.6849230855453	0.024985979557998694	1.0	0.45754348537318884	0.02807240947074944	5.772915911872792
64200	-1303.511071166841	-1312.4185278247576	8.907456657916448	-1312.4185278247576	0.029299855856840886	1.0	0.45754348537318884	0.013748332541344964	5.078162411345948
64400	-1305.8575126306446	-1313.6784698784336	7.820957247789002	-1313.6784698784336	0.029299855856840886	1.0	0.45754348537318884	0.03928278844723507	5.041531924129283
64600	-1305.1882418475043	-1313.5867103273367	8.398468479832385	-1313.5867103273367	0.025958132104183327	1.0	0.45754348537318884	0.02902007638492661	5.316244565823726
64800	-1303.3020201843776	-1312.4857731053787	9.183752921001041	-1312.4857731053787	0.024477543003750227	1.0	0.45754348537318884	0.02151380104883022	5.802235765838009
65000	-1303.267647954562	-1312.5744900044133	9.306842049851241	-1312.5744900044133	0.02400642965211705	1.0	0.45754348537318884	0.010749220357956219	5.23146348334463
65200	-1303.8629941924507	-1312.5260640743768	8.663069881926084	-1312.5260640743768	0.024194139483456834	1.0	0.45754348537318884	0.030586681463098057	5.63342275622432
65400	-1303.3049879366856	-1312.4858645605348	9.180876623849034	-1312.4858645605348	0.027401316638975683	1.0	0.45754348537318884	0.01977707987752651	5.715188515481993
65600	-1305.0382039683777	-1313.6139485956546	8.575744627276828	-1313.6139485956546	0.02202124679826728	1.0	0.19615065431934836	0.038898988000062536	5.525108237477475
65800	-1303.5057288332964	-1313.0163755417464	9.510646708450022	-1313.0163755417464	0.02480827368141758	1.0	0.19615065431934836	0.01573453665320459	5.554900166981225
66000	-1306.040338793786	-1314.1293096312793	8.088970837493115	-1314.1293096312793	0.03607801626747816	1.0	0.19615065431934836	0.041359000256875424	5.09965627099937
66200	-1303.781788040826	-1313.6149765083994	9.833188467573358	-1313.6149765083994	0.023893196865844707	1.0	0.22578571353602037	0.008174107081784334	5.252190387475217
66400	-1303.8401567662265	-1312.6423807675155	8.802224001289114	-1312.6423807675155	0.026924335731441942	1.0	0.22578571353602037	0.029972563764503534	5.520536857874005
66600	-1304.6473375369542	-1312.8812852410783	8.23394770412407	-1312.8812852410783	0.025883128480707	1.0	0.22578571353602037	0.043966742827088706	5.33541164196259
66800	-1303.9716203353182	-1312.85863029755	8.887009962231753	-1312.85863029755	0.02862119649807913	1.0	0.22578571353602037	0.029238405440769364	5.58052349669079
67000	-1313.1293329555135	-1316.1103654926687	2.9810325371552855	-1316.1103654926687	0.02497054167519828	1.0	0.22578571353602037	0.324400102435103	2.0810406097182654
67200	-1307.58294536078	-1314.245617059191	6.662671698411051	-1314.245617059191	0.027713273524599777	1.0	0.22578571353602037	0.0800232900504077	4.36301985090007
67400	-1305.9056518585035	-1312.630181104719	6.724529246215502	-1312.630181104719	0.02815770176948732	1.0	0.22578571353602037	0.08156898021671075	4.444008726063191
67600	-1303.4627237934696	-1313.5203377985883	10.057614005118808	-1313.5203377985883	0.02323394132728414	1.0	0.22578571353602037	0.012930195005053298	5.935209713940046
67800	-1304.3354253986172	-1312.7723331754573	8.4369077768402	-1312.7723331754573	0.027462858885376872	1.0	0.5290217482363363	0.03371355643842127	5.576074270766966
68000	-1304.6728271441207	-1313.7046545016742	9.031827357553608	-1313.7046545016742	0.020932833253321147	1.0	0.5290217482363363	0.027807273693558534	5.978391456934852
68200	-1303.236779876199	-1312.5652904311953	9.328510554996132	-1312.5652904311953	0.023582362995436167	1.0	0.5290217482363363	0.010336209504669562	5.28543024049978
68400	-1305.347584319534	-1315.833214906587	10.485630587053148	-1315.833214906587	0.01758797574158245	1.0	0.5290217482363363	0.010336209504669562	6.442550272556797
68600	-1303.516326695492	-1312.2675439568109	8.751217261318967	-1312.2675439568109	0.027090259447364613	1.0	0.5290217482363363	0.024086763867884907	5.554146203094607
68800	-1304.6817940124413	-1312.992789185666	8.310995173224773	-1312.992789185666	0.027157824176107053	1.0	0.5290217482363363	0.03670771360031832	5.535248555299994
69000	-1304.3360871275652	-1313.4924364936105	9.156349366045431	-1313.4924364936105	0.021990817783175264	1.0	0.5290217482363363	0.0106712342289584	5.145167566740803
69200	-1303.8195241604194	-1313.4383962727684	9.618872112348875	-1313.4383962727684	0.02082238424246994	1.0	0.5290217482363363	0.009778513633917171	5.520326073927574
69400	-1303.0694357570178	-1312.3523380682022	9.282902311184476	-1312.3523380682022	0.025599415916266677	1.0	0.5290217482363363	0.011030221633878692	5.304807707235544
69600	-1304.1288276260088	-1313.9091813415894	9.780353715580503	-1313.9091813415894	0.022172151516382032	1.0	0.5290217482363363	0.016931597919725556	6.230801760443498
69800	-1305.8233119643885	-1312.923389280942	7.100077316553481	-1312.923389280942	0.032461192603708555	1.0	0.5290217482363363	0.058877763960738135	4.796807283296896
70000	-1306.1591417785878	-1313.3522068922841	7.193065113696398	-1313.3522068922841	0.030667126024921335	1.0	0.5290217482363363	0.05977994030195918	4.905001741176903
70200	-1304.7686980299295	-1313.0027020954778	8.234004065548431	-1313.0027020954778	0.030667126024921335	1.0	0.5290217482363363	0.02860471219084898	5.20884200097448
70400	-1305.7332416757397	-1312.6926790470184	6.959437371278627	-1312.6926790470184	0.025432562876177213	1.0	0.5290217482363363	0.06825089175161776	4.803894340470306
70600	-1306.2470329189646	-1314.394112346491	8.147079427526487	-1314.394112346491	0.02332956323314764	1.0	0.5290217482363363	0.008816075881598972	3.944922756413613
70800	-1304.2534535222933	-1312.4133557647926	8.159902242499356	-1312.4133557647926	0.0271287936328224	1.0	0.5290217482363363	0.03836526442305176	5.428321189658449
71000	-1309.1456384475155	-1316.421394397883	7.27575595036758	-1316.421394397883	0.034374347323355085	1.0	0.5290217482363363	0.043355914519459374	4.666465549976775
71200	-1305.432205221171	-1312.4343990872173	7.00219386604626	-1312.4343990872173	0.02928721959726351	1.0	0.5290217482363363	0.062450664614317766	4.757837214158375
71400	-1305.421355796071	-1314.2132132859892	8.791857489918087	-1314.2132132859892	0.019283612457339668	1.0	0.5290217482363363	0.03156614378175809	5.865209106095175
71600	-1305.2663561353288	-1312.2764179594549	7.0100618241260815	-1312.2764179594549	0.027426773125962138	1.0	0.5290217482363363	0.0635772480843473	4.783583965201258
71800	-1311.3779412854726	-1313.003959759245	1.626018473772318	-1313.003959759245	0.02848406185848823	1.0	0.5290217482363363	0.4696624221656432	1.3992991289536039
72000	-1305.7844619962582	-1312.346836236637	6.5623742403788885	-1312.346836236637	0.025302587353366723	1.0	0.5290217482363363	0.07819546064480928	4.542852307479159
72200	-1306.8705721476279	-1313.4842033447233	6.6136311970954536	-1313.4842033447233	0.022207504354474973	1.0	0.5290217482363363	0.0768686139066154	4.576995317892279
72400	-1305.2736138393466	-1313.7550505820411	8.481436742694445	-1313.7550505820411	0.03226987682861833	1.0	0.5290217482363363	0.030029922566128842	5.504897515390071
72600	-1304.390925424736	-1312.5625450352634	8.171619610527335	-1312.5625450352634	0.028133563894206074	1.0	0.28404706386405404	0.04036278708757898	5.245819644198706
72800	-1305.1193715519476	-1312.8193211762016	7.699949624254049	-1312.8193211762016	0.024108209579107115	1.0	0.28404706386405404	0.0549329975856255	5.082355626012392
73000	-1304.2821518119654	-1312.66667038577	8.384518573804566	-1312.66667038577	0.030054379491171446	1.0	0.28404706386405404	0.03572067932266991	5.336540132505821
73200	-1305.9526179147117	-1312.8375699504247	6.884952035713091	-1312.8375699504247	0.030054379491171446	1.0	0.28404706386405404	0.07486442739423797	4.576922663644627
73400	-1307.3625422490547	-1312.9150069729797	5.552464723924828	-1312.9150069729797	0.023592883350937132	1.0	0.28404706386405404	0.12916869132902378	3.7898757436145343
73600	-1305.6323738683573	-1312.259488314136	6.62711444577865	-1312.259488314136	0.02540773074916609	1.0	0.9611561650641525	0.06275566303833945	4.819764153423426
73800	-1303.7502213090124	-1312.4117432238256	8.6615219148132	-1312.4117432238256	0.02321303833866627	1.0	0.9611561650641525	0.008452988779541547	4.849442881447484
74000	-1307.8249382974107	-1313.4697810808193	5.644842783408697	-1313.4697810808193	0.03440116334978816	1.0	0.9611561650641525	0.09115479395863342	4.210802763402775
74200	-1305.2072301648232	-1313.1020094339603	7.8947792691372225	-1313.1020094339603	0.032770099586819486	1.0	0.9611561650641525	0.030439998857957788	5.36393765069491
74400	-1306.5214288537175	-1313.9449977669342	7.423568913216833	-1313.9449977669342	0.03581219722329347	1.0	0.9611561650641525	0.036259425440720854	5.067669158960046
74600	-1309.917043281927	-1316.7692740200077	6.852230738080946	-1316.7692740200077	0.03476646176409382	1.0	0.9611561650641525	0.04219532542575608	4.6479410671677535
74800	-1305.525327597219	-1312.8718793303399	7.346551733120702	-1312.8718793303399	0.025316057993737196	1.0	0.9611561650641525	0.043185039122781245	5.165446737869052
75000	-1304.973457963033	-1312.8875952688213	7.9141373057882145	-1312.8875952688213	0.023387269816913445	1.0	0.9611561650641525	0.03334819850430985	5.474541944911072
75200	-1303.5009827404558	-1312.108167215879	8.607184475422972	-1312.108167215879	0.027530278625077037	1.0	0.9611561650641525	0.01908721679321533	5.609604194649048
75400	-1306.3604848432342	-1313.9458242612072	7.585339417973108	-1313.9458242612072	0.02650154215093519	1.0	0.9611561650641525	0.004880166100018063	3.223919560229885
75600	-1303.5635490026343	-1312.3557578763377	8.792208873703384	-1312.3557578763377	0.02463639056102897	1.0	0.9611561650641525	0.008512347701465653	4.987127539936887
75800	-1304.0881375107265	-1312.8232248399038	8.735087329177231	-1312.8232248399038	0.02172029004989326	1.0	0.9611561650641525	0.0075654330729681635	4.812077807783451
76000	-1303.998138752746	-1312.407625873029	8.409487120283156	-1312.407625873029	0.02663236460145319	1.0	0.9611561650641525	0.014076949903696555	5.107426707470317
76200	-1305.0320299414764	-1314.315792983637	9.283763042160658	-1314.315792983637	0.02663236460145319	1.0	0.9611561650641525	0.01412123672171871	5.98484374299628
76400	-1303.630393118005	-1312.1770444179347	8.546651299929609	-1312.1770444179347	0.02512672655519483	1.0	0.9611561650641525	0.021224547906459907	5.655210617933183
76600	-1305.0633083021153	-1312.8057826237173	7.742474321601891	-1312.8057826237173	0.021871478306759843	1.0	0.9611561650641525	0.00509351143563851	3.4238426698728888
76800	-1303.4877755284133	-1312.1978422226043	8.710066694190946	-1312.1978422226043	0.02678380354650596	1.0	0.9611561650641525	0.019424708624235565	5.730013476374818
77000	-1303.4333239156265	-1312.2724827562524	8.839158840625998	-1312.2724827562524	0.02451069249303874	1.0	0.9611561650641525	0.019424708624235565	5.859105622809869
77200	-1305.72248697963	-1313.1462065676578	7.423719588027829	-1313.1462065676578	0.03141474608532859	1.0	0.9611561650641525	0.03686386101637089	5.084352169003933
77400	-1303.572639717588	-1312.1036238908646	8.530984173276787	-1312.1036238908646	0.02792450015298738	1.0	0.9611561650641525	0.01217100487659429	5.083441532924406
77600	-1303.4188935862524	-1312.3775615950883	8.95866800883601	-1312.3775615950883	0.02336472592486693	1.0	0.9611561650641525	0.010292171618841309	5.343452464173362
77800	-1305.1976059806664	-1313.6693255461375	8.471719565471139	-1313.6693255461375	0.024435579446179728	1.0	0.9611561650641525	0.029003607170697117	5.892540659000883
78000	-1305.4267381924303	-1314.0573461207377	8.630607928307462	-1314.0573461207377	0.031873574134430656	1.0	0.9611561650641525	0.019056548971799633	5.631419634931278
78200	-1304.4981055440253	-1313.3231217814896	8.825016237464354	-1313.3231217814896	0.020454447786213335	1.0	0.9611561650641525	0.023039577521580108	6.015630622468965
78400	-1304.5613360359832	-1312.486550252607	7.925214216623778	-1312.486550252607	0.029323209775397794	1.0	0.9611561650641525	0.011034693038656507	4.379659324959762
78600	-1305.8855663464221	-1313.929330755914	8.04376440949187	-1313.929330755914	0.03577105807286626	1.0	0.9611561650641525	0.01813504825123016	4.995011728974092
78800	-1305.091332218314	-1313.0311702468603	7.9398380285462675	-1313.0311702468603	0.022578350006387096	1.0	0.9611561650641525	0.03370315403664128	5.510830339198908
79000	-1304.5244639174684	-1312.3583892815432	7.833925364074701	-1312.3583892815432	0.02968606011521711	1.0	0.9611561650641525	0.03370315403664128	5.404917674727342
79200	-1309.2585760160407	-1316.908535934383	7.649959918342238	-1316.908535934383	0.027407984403019423	1.0	0.9611561650641525	0.043751021901099744	5.481875774694512
79400	-1303.9077240200227	-1312.3324318661596	8.424707846136815	-1312.3324318661596	0.02358068448061986	1.0	0.9611561650641525	0.026649696961118352	5.760886511701056
79600	-1305.123904831937	-1313.2142637556562	8.09035892371942	-1313.2142637556562	0.033657924485379784	1.0	0.9611561650641525	0.015890014106317855	4.9094506780978
79800	-1306.2284397620097	-1313.5754368168307	7.346997054821136	-1313.5754368168307	0.026142602001630877	1.0	0.9611561650641525	0.00899910801189744	3.597523403538497
80000	-1303.915172018504	-1312.4700990880274	8.55492706952319	-1312.4700990880274	0.023035292665150923	1.0	0.9611561650641525	0.024134399152530624	5.791966129132469
80200	-1304.297818142071	-1312.611361055656	8.313542913584955	-1312.611361055656	0.030030588028890543	1.0	0.9611561650641525	0.024736803746291273	5.57523596452159
80400	-1306.5486251759269	-1312.7663340683832	6.217708892456418	-1312.7663340683832	0.024153290903197434	1.0	0.9611561650641525	0.07454625025405401	4.582529520081143
80600	-1306.5627411787068	-1313.7092878696892	7.146546690982311	-1313.7092878696892	0.02698177646639802	1.0	0.9611561650641525	0.053063512188404105	5.171437116353801
80800	-1307.07378625695	-1315.0157186822007	7.941932425250808	-1315.0157186822007	0.037241400143572315	1.0	0.9611561650641525	0.026812189895989123	5.2841899423034215
81000	-1304.644889148133	-1313.047924754006	8.403035605873137	-1313.047924754006	0.02210612468013204	1.0	0.9611561650641525	0.008229916757683042	4.564212392095172
81200	-1304.3130029727442	-1312.742068893339	8.429065920594738	-1312.742068893339	0.029592008021138403	1.0	0.9611561650641525	0.02367464916404408	5.64687162680252
81400	-1303.7715630008925	-1312.1028087371287	8.331245736236356	-1312.1028087371287	0.027004568684512793	1.0	0.9611561650641525	0.02367464916404408	5.549051442444139
81600	-1305.3708471582572	-1313.4328378959694	8.061990737712247	-1313.4328378959694	0.02621089975820627	1.0	0.9611561650641525	0.012963119676221914	4.677500001508864
81800	-1304.982723158463	-1313.6469984738	8.664275315337127	-1313.6469984738	0.02109962128604822	1.0	0.9611561650641525	0.021157040613252888	5.7696489410315115
82000	-1304.5537233568664	-1312.470310828273	7.916587471406833	-1312.470310828273	0.022949139427531143	1.0	0.9611561650641525	0.03641692944600627	5.5650221186790425
82200	-1304.3795248832514	-1312.9168428522821	8.537317969030791	-1312.9168428522821	0.027667983235246062	1.0	0.9611561650641525	0.02451043081207264	5.789817629490303
82400	-1304.6396017194463	-1312.3775469289299	7.737945209483468	-1312.3775469289299	0.027667983235246062	1.0	0.9611561650641525	0.009128616127246041	4.0027602044500945
82600	-1303.2593039082433	-1312.2734236547585	9.014119746515185	-1312.2734236547585	0.025314429013041463	1.0	0.9611561650641525	0.012978314349934746	5.630800470257707
82800	-1304.7605755656682	-1312.9507192592177	8.190143693549548	-1312.9507192592177	0.021726822836259735	1.0	0.9611561650641525	0.006735219316734644	4.150894952695647
83000	-1303.4705572614967	-1312.740491332667	9.269934071170297	-1312.740491332667	0.023964511152683856	1.0	0.9611561650641525	0.012655621451337288	5.861436457221657
83200	-1303.3321524472142	-1312.0600607700758	8.727908322861516	-1312.0600607700758	0.02622431243757216	1.0	0.9611561650641525	0.012655621451337288	5.319410708912878
83400	-1305.7199603181182	-1313.0145937025839	7.2946333844656985	-1313.0145937025839	0.031937610065171734	1.0	0.9611561650641525	0.04487322800656231	5.1518756292575665
83600	-1305.0767337516224	-1312.3225495950585	7.245815843436031	-1312.3225495950585	0.029004539934533165	1.0	0.9611561650641525	0.04487322800656231	5.103058088227899
83800	-1306.7989979937283	-1312.2178931252654	5.418895131537069	-1312.2178931252654	0.02609368375322893	1.0	0.9611561650641525	0.1047048853567728	4.123441794930148
84000	-1306.8586718160248	-1315.519490718094	8.660818902069161	-1315.519490718094	0.024211923177457143	1.0	0.9611561650641525	0.027578966326677945	6.031273180723254
84200	-1303.9953655757217	-1312.5394068293076	8.544041253585867	-1312.5394068293076	0.022843738686420194	1.0	0.9611561650641525	0.02600669786070638	5.855796254540767
84400	-1304.40759848762	-1313.3088688030982	8.901270315478358	-1313.3088688030982	0.02094947864048663	1.0	0.9611561650641525	0.0228415540514389	6.083252624814552
84600	-1304.055130087644	-1312.521309694303	8.466179606658805	-1312.521309694303	0.023668182808896928	1.0	0.9611561650641525	0.023536234258960256	5.6781216097692795
84800	-1305.8039078686927	-1312.9964549445083	7.192547075815479	-1312.9964549445083	0.027426157538071153	1.0	0.9611561650641525	0.044772488400700104	5.047541814484245
85000	-1306.1494423774668	-1313.248297306772	7.098854929305261	-1313.248297306772	0.02899111090064534	1.0	0.9611561650641525	0.0525383088553782	5.113798411372127
85200	-1305.5020365952892	-1312.9329171467543	7.430880551465075	-1312.9329171467543	0.021554633600746022	1.0	0.9611561650641525	0.047468468327027405	5.344347103464357
85400	-1306.4036427794013	-1312.2794450448325	5.875802265431249	-1312.2794450448325	0.02880291080944188	1.0	0.9611561650641525	0.0843340872985237	4.363989291831411
85600	-1305.5807700363346	-1312.1218435630035	6.54107352666889	-1312.1218435630035	0.027444914268941557	1.0	0.9611561650641525	0.0644834146550878	4.76088246635679
85800	-1303.7250552979583	-1312.2487945092369	8.523739211278532	-1312.2487945092369	0.029255886638434488	1.0	0.9611561650641525	0.016126355590371233	5.3575950241288215
86000	-1303.7029875184353	-1312.3803097914024	8.677322272967196	-1312.3803097914024	0.027766227417013265	1.0	0.9611561650641525	0.019827433667747744	5.717789676551686
86200	-1304.6612697935354	-1312.4539985234132	7.792728729877913	-1312.4539985234132	0.02867606940232976	1.0	0.9611561650641525	0.00998087157686855	4.146800034821611
86400	-1308.0649834151473	-1314.7592203348877	6.69423691974033	-1314.7592203348877	0.026210621626998963	1.0	0.9611561650641525	0.008375992699854194	2.873007407835068
86600	-1304.5360317594652	-1312.1235570802185	7.5875253207531586	-1312.1235570802185	0.02645905322922133	1.0	0.9611561650641525	0.04114912947778009	5.358128978881025
86800	-1304.8474997497774	-1313.3225069518514	8.475007202074085	-1313.3225069518514	0.02400645168206668	1.0	0.9611561650641525	0.015378485832189832	5.261377596944242
87000	-1303.7241657546886	-1312.7642505357185	9.040084781030014	-1312.7642505357185	0.022488215469310704	1.0	0.9611561650641525	0.018985092389767602	6.037139727245245
87200	-1303.801114330199	-1312.6390573595233	8.837943029324421	-1312.6390573595233	0.026895417031395048	1.0	0.9611561650641525	0.018985092389767602	5.834997975539652
87400	-1303.3900985644177	-1312.2112498935826	8.821151329164952	-1312.2112498935826	0.025094598579886634	1.0	0.9611561650641525	0.018985092389767602	5.818206275380183
87600	-1305.4885218800443	-1312.9956452491788	7.507123369134529	-1312.9956452491788	0.03193599237250228	1.0	0.9611561650641525	0.010585263432705105	3.919987046853641
87800	-1303.3363036858766	-1312.4589177144062	9.122614028529519	-1312.4589177144062	0.02387264135813418	1.0	0.9611561650641525	0.0149918444829464	5.883521266717777
88000	-1303.811516233725	-1312.7117443600175	8.90022812629264	-1312.7117443600175	0.02387264135813418	1.0	0.9611561650641525	0.020857972290862354	5.991365251607091
88200	-1310.2722045619264	-1313.7739820958086	3.501777533882257	-1313.7739820958086	0.022886733172526985	1.0	0.9611561650641525	0.21464961485392686	2.924185420335198
88400	-1308.4430091393579	-1312.5145337693803	4.071524630022291	-1312.5145337693803	0.02850232816610377	1.0	0.9611561650641525	0.1689946952090124	3.2547928412389413
88600	-1305.474979863888	-1312.2016625746933	6.726682710805292	-1312.2016625746933	0.02850232816610377	1.0	0.9611561650641525	0.060080954773137116	4.875776495913605
88800	-1304.9883601794288	-1313.7113970961027	8.723036916673811	-1313.7113970961027	0.019481896532893526	1.0	1.320843726320117	0.019559684318409085	6.109595889347585
89000	-1305.0329855631012	-1312.7240468371563	7.691061274054985	-1312.7240468371563	0.026440297738120754	1.0	1.320843726320117	0.006201929223440287	3.929010130113215
89200	-1303.9006695785079	-1312.2900663023415	8.389396723833677	-1312.2900663023415	0.028285362472188484	1.0	1.320843726320117	0.015627728353594782	5.551531966180828
89400	-1306.8402673846747	-1313.7579515693265	6.917684184651671	-1313.7579515693265	0.021292408172969915	1.0	1.320843726320117	0.047658146203728526	5.194826206632859
89600	-1307.7028819188797	-1312.6255799476392	4.922698028759367	-1312.6255799476392	0.02941451352329353	1.0	0.31082201354848193	0.15874266663287556	3.3930492055929378
89800	-1304.6284337756126	-1312.5069290471135	7.878495271500844	-1312.5069290471135	0.028792769963995157	1.0	0.31082201354848193	0.04695366426566529	5.130723254803077
90000	-1304.2203093858961	-1312.9731210345822	8.75281164868599	-1312.9731210345822	0.0321962196222023	1.0	0.31082201354848193	0.013915937432859096	4.788913144474083
90200	-1303.4357836675108	-1313.3281196034436	9.892335935932808	-1313.3281196034436	0.022355252688258654	1.0	0.31082201354848193	0.009493519171457913	5.546012043828363
90400	-1305.907050414065	-1313.9525317963707	8.045481382305681	-1313.9525317963707	0.034634545179893506	1.0	0.31082201354848193	0.03484287802016779	4.999396872223215
90600	-1307.4342885556243	-1313.157920946014	5.723632390389552	-1313.157920946014	0.024045646828758507	1.0	0.31082201354848193	0.11799806593959647	3.8973673589448357
90800	-1307.5428088933431	-1315.1348566520023	7.592047758659252	-1315.1348566520023	0.03735239267208428	1.0	0.31082201354848193	0.04333687483840858	4.764118378713795
91000	-1305.5519832274565	-1313.3736043758745	7.821621148417888	-1313.3736043758745	0.030725269540109942	1.0	0.31082201354848193	0.04333687483840858	4.993691768472432
91200	-1304.7546018809192	-1313.3041211741183	8.549519293199278	-1313.3041211741183	0.031144777950164865	1.0	0.31082201354848193	0.03319990624712574	5.455133079802325
91400	-1305.4904932828342	-1312.5895757139683	7.099082431134193	-1312.5895757139683	0.026362318275291684	1.0	0.31082201354848193	0.06752322763319525	4.714620817470069
91600	-1305.6821351465137	-1312.6879223526519	7.005787206138181	-1312.6879223526519	0.02445768193142093	1.0	0.31082201354848193	0.07232950454937787	4.690086071678822
91800	-1305.773656680265	-1312.5487658753525	6.7751091950875235	-1312.5487658753525	0.02930508339437874	1.0	0.31082201354848193	0.07693506163813486	4.521137640334461
92000	-1305.1617974937262	-1313.1390210816855	7.977223587959216	-1313.1390210816855	0.028671026550878238	1.0	0.31082201354848193	0.041306715539268214	5.101315413130347
92200	-1304.814340507899	-1313.1266180794332	8.312277571534223	-1313.1266180794332	0.032445360408960136	1.0	0.31082201354848193	0.035783486407128924	5.292830819543969
92400	-1304.5539882420032	-1314.3543462637701	9.800358021767003	-1314.3543462637701	0.019942425596750066	1.0	0.31082201354848193	0.015639041779781943	5.9531952222962286
92600	-1309.0027378633154	-1314.5120236676596	5.5092858043442785	-1314.5120236676596	0.03170283051193063	1.0	0.31082201354848193	0.12867276857609358	3.769625042749385
92800	-1307.9136826646798	-1313.2565765266113	5.342893861931653	-1313.2565765266113	0.02622080673510728	1.0	0.5162061218382417	0.12867276857609358	3.8086172086265195
93000	-1308.7486439019397	-1313.9610966181262	5.21245271618655	-1313.9610966181262	0.027023801054926883	1.0	0.5162061218382417	0.12867276857609358	3.6781760628814157
93200	-1307.762006223108	-1313.0598991839538	5.29789296084579	-1313.0598991839538	0.030269466591358655	1.0	0.5162061218382417	0.12444704145215849	3.7302240592490516
93400	-1307.8228175318993	-1314.1642085340252	6.341391002125962	-1314.1642085340252	0.02799493960849676	1.0	0.5162061218382417	0.08809222656877147	4.428226139851671
93600	-1306.3112671126953	-1312.7741021829056	6.462835070210396	-1312.7741021829056	0.03010182945557035	1.0	0.5162061218382417	0.0812064827913426	4.468280994379108
93800	-1307.5385507321976	-1312.7439750518847	5.205424319687208	-1312.7439750518847	0.031194979650515986	1.0	0.5162061218382417	0.12991570991375895	3.6807610174274776
94000	-1311.3274102060086	-1316.67960775322	5.352197547211254	-1316.67960775322	0.04190854601513047	1.0	0.5162061218382417	0.11611603800974796	3.7152384088496513
94200	-1307.9155995173376	-1312.6040317078907	4.688432190553265	-1312.6040317078907	0.029770874141367875	1.0	0.5162061218382417	0.1584389802942823	3.362252570231509
94400	-1312.3386344087794	-1313.890755910554	1.552121501774529	-1313.890755910554	0.032798444848644165	1.0	0.5162061218382417	0.48153393676697537	1.337549054728787
94600	-1306.0802104287231	-1313.1296463677454	7.049435939022363	-1313.1296463677454	0.03109065336053874	1.0	0.21939811118381644	0.07146883062444147	4.63034019055408
94800	-1308.0881010612773	-1314.8071137861227	6.719012724845374	-1314.8071137861227	0.03254446948656701	1.0	0.21939811118381644	0.0748870419611839	4.3466364280796395
95000	-1304.2148343050587	-1313.0215941057832	8.806759800724517	-1313.0215941057832	0.03206791677699633	1.0	0.21939811118381644	0.024336311707962587	5.310372176873704
95200	-1303.5173506694	-1313.3002946580104	9.782943988610501	-1313.3002946580104	0.022747061170766424	1.0	0.21939811118381644	0.010508311027974022	5.446753291357499
95400	-1305.201406560126	-1314.0529007553819	8.8514941952558	-1314.0529007553819	0.02620602572868666	1.0	0.21939811118381644	0.022839675114635288	5.291636187741112
95600	-1304.473307815012	-1312.9093264201122	8.436018605100221	-1312.9093264201122	0.02622147435614793	1.0	0.21939811118381644	0.03659304224338116	5.3475195569975655
95800	-1305.0379197392988	-1313.609117264447	8.571197525148067	-1313.609117264447	0.02179969832821661	1.0	0.21939811118381644	0.03892182857621745	5.544395596508837
96000	-1304.4040706267563	-1313.8637069716124	9.459636344856099	-1313.8637069716124	0.022944862813595018	1.0	0.21939811118381644	0.014504048290521746	5.445706979967124
96200	-1305.4202619466564	-1313.117708844217	7.697446897560598	-1313.117708844217	0.026899574760737795	1.0	0.21939811118381644	0.056401060014387105	5.041577682671006
96400	-1303.4002693677912	-1313.317435429317	9.917166061525768	-1313.317435429317	0.024399412551456574	1.0	0.21939811118381644	0.014713071948959672	5.91754524059372
96600	-1305.0330741967998	-1313.720268086122	8.687193889322016	-1313.720268086122	0.02547493327268725	1.0	0.3006636804155074	0.02696892587889931	5.374787600599256
96800	-1303.7398427273852	-1313.3781886207503	9.638345893365198	-1313.3781886207503	0.022151310892003232	1.0	0.3006636804155074	0.011354327383517795	5.460853233332374
97000	-1303.6484121325557	-1312.7604111124251	9.111998979869426	-1312.7604111124251	0.02544760117593594	1.0	0.3006636804155074	0.02171057617839351	5.582706904610217
97200	-1307.834687396186	-1315.8342533439397	7.999565947753722	-1315.8342533439397	0.03513017919238268	1.0	0.3006636804155074	0.027384868315594304	4.7024649587785445
97400	-1305.9805427126134	-1314.6676049019613	8.687062189347916	-1314.6676049019613	0.036437373371816434	1.0	0.3006636804155074	0.02609238856889469	5.341614236866039
97600	-1303.640198166752	-1312.6597906779025	9.019592511150524	-1312.6597906779025	0.026001124810688975	1.0	0.3006636804155074	0.023472595741602716	5.568334514610056
97800	-1303.5270111663262	-1312.56125599606	9.034244829733883	-1312.56125599606	0.026001124810688975	1.0	0.3006636804155074	0.024249194920597895	5.615536648849039
98000	-1303.900240536748	-1313.584023788493	9.683783251744924	-1313.584023788493	0.02128998965735397	1.0	0.3006636804155074	0.018300759394741014	5.983634209145076
98200	-1305.0443454398558	-1313.6261288575752	8.581783417719475	-1313.6261288575752	0.034555815950830404	1.0	0.3006636804155074	0.018300759394741014	4.881634375119629
98400	-1304.1127858030436	-1314.3348577384622	10.222071935418647	-1314.3348577384622	0.019788646880286063	1.0	0.3006636804155074	0.010254750206267042	5.942721369841473
98600	-1308.032569806439	-1312.734750312991	4.702180506552243	-1312.734750312991	0.029366418295056058	1.0	0.3006636804155074	0.17100672783066287	3.2367918077532805
98800	-1307.411486432539	-1312.8229944427362	5.411508010197058	-1312.8229944427362	0.025010000661389562	1.0	0.3006636804155074	0.1332503541914845	3.6966461327702937
99000	-1305.909316280695	-1314.693601380666	8.78428509997099	-1314.693601380666	0.019067456565882705	1.0	0.3006636804155074	0.035536061710223395	5.7477415051100635
99200	-1304.2548461878569	-1313.1519628975138	8.897116709656915	-1313.1519628975138	0.023277345683571878	1.0	0.3006636804155074	0.031713570871773615	5.74676980357401
99400	-1304.2295042653207	-1312.670885279144	8.441381013823321	-1312.670885279144	0.030189008433560035	1.0	0.3006636804155074	0.03416639285991207	5.365531911278702
99600	-1305.6324940589586	-1313.4944770043805	7.8619829454219285	-1313.4944770043805	0.026294966767058385	1.0	0.3006636804155074	0.05160544479191487	5.198518532999211
99800	-1303.6190242067366	-1312.521289143424	8.902264936687343	-1312.521289143424	0.027571349774095935	1.0	0.3006636804155074	0.027295558048784165	5.601897318237365
100000	-1303.1902497080464	-1312.5633088367904	9.373059128743897	-1312.5633088367904	0.025813182889158032	1.0	0.3006636804155074	0.013280195071755574	5.352241363255892
