#
#model:
#
#<?xml version="1.0" encoding="UTF-8" standalone="no"?><input id="posterior" spec="beast.core.util.CompoundDistribution">
#    <distribution id="prior" spec="beast.core.util.CompoundDistribution">
#        <distribution id="CoalescentConstant.t:apes" spec="beast.evolution.tree.coalescent.Coalescent">
#            <populationModel id="ConstantPopulation.t:apes" spec="beast.evolution.tree.coalescent.ConstantPopulation">
#                <parameter id="popSize.t:apes" name="popSize" spec="beast.core.parameter.RealParameter">0.3</parameter>
#            </populationModel>
#            <treeIntervals id="TreeIntervals.t:apes" spec="beast.evolution.tree.coalescent.TreeIntervals">
#                <tree id="Tree.t:apes" spec="beast.evolution.tree.Tree">
#                    <taxonset id="TaxonSet.apes" spec="beast.evolution.alignment.TaxonSet">
#                    </taxonset>
#                </tree>
#            </treeIntervals>
#        </distribution>
#        <prior id="GammaShapePrior.s:apes" name="distribution">
#            <Exponential id="Exponential.0" name="distr">
#                <parameter estimate="false" id="RealParameter.0" name="mean" spec="beast.core.parameter.RealParameter">1.0</parameter>
#            </Exponential>
#            <parameter id="gammaShape.s:apes" name="x" spec="beast.core.parameter.RealParameter">1.0</parameter>
#        </prior>
#        <prior id="PopSizePrior.t:apes" name="distribution" x="@popSize.t:apes">
#            <Exponential id="Exponential.1" name="distr">
#                <parameter estimate="false" id="RealParameter.1" name="mean" spec="beast.core.parameter.RealParameter">0.33</parameter>
#            </Exponential>
#        </prior>
#    </distribution>
#    <distribution id="likelihood" spec="beast.core.util.CompoundDistribution" useThreads="true">
#        <distribution data="@apes" id="treeLikelihood.apes" spec="beast.evolution.likelihood.ThreadedTreeLikelihood" tree="@Tree.t:apes">
#            <branchRateModel id="StrictClock.c:apes" spec="beast.evolution.branchratemodel.StrictClockModel">
#                <parameter estimate="false" id="clockRate.c:apes" name="clock.rate" spec="beast.core.parameter.RealParameter">1.0</parameter>
#            </branchRateModel>
#            <siteModel gammaCategoryCount="4" id="SiteModel.s:apes" shape="@gammaShape.s:apes" spec="beast.evolution.sitemodel.SiteModel">
#                <parameter id="mutationRate.s:apes" name="mutationRate" spec="beast.core.parameter.RealParameter">1.0</parameter>
#                <parameter estimate="false" id="proportionInvariant.s:apes" lower="0.0" name="proportionInvariant" spec="beast.core.parameter.RealParameter" upper="1.0">0.0</parameter>
#                <substModel id="JC69.s:apes" spec="beast.evolution.substitutionmodel.JukesCantor"/>
#            </siteModel>
#        </distribution>
#    </distribution>
#</input>
#
Sample	posterior	likelihood	prior	treeLikelihood	TreeHeight	mutationRate	gammaShape	popSize	CoalescentConstant
0	-2032.6077588609512	-2027.2189494072727	-5.388809453678507	-2027.2189494072727	0.965843084666351	1.0	1.0	0.3	-4.588381169109209
200	-1363.5524431630975	-1365.0368012021938	1.4843580390963023	-1365.0368012021938	0.14266206054154443	1.0	0.17274084773878795	0.3470063592200092	1.5999706841922947
400	-1311.0810644191808	-1313.517736561878	2.4366721426971933	-1313.517736561878	0.03136283967960201	1.0	0.12202818178195905	0.2854749279196415	2.31511323910797
600	-1309.8549568213887	-1312.7150002937315	2.8600434723427157	-1312.7150002937315	0.02893966597642982	1.0	0.24177883764753053	0.23502987607369835	2.7053714311465087
800	-1308.9381695652041	-1312.4095969773691	3.4714274121650366	-1312.4095969773691	0.027790937921433664	1.0	0.3969985151949729	0.17079754546434942	3.277331622427336
1000	-1311.2634107305958	-1312.6700250270123	1.4066142964166426	-1312.6700250270123	0.031026799827682076	1.0	1.1870915757960037	0.2825634057046258	2.341295992250507
1200	-1310.7296364611686	-1312.4542358275971	1.7245993664285644	-1312.4542358275971	0.02286888700843773	1.0	1.4006671092822158	0.23583237403676074	2.731247408876323
1400	-1309.558465865561	-1312.394208964382	2.8357430988209065	-1312.394208964382	0.026213177100164905	1.0	0.5703070188797537	0.2094242332346603	2.932006381768929
1600	-1308.626509094486	-1312.7017179589193	4.0752088644332956	-1312.7017179589193	0.02457659285216247	1.0	1.4107894154892238	0.0729039799591011	4.598256806792124
1800	-1308.9079800590853	-1313.4177745703917	4.509794511306378	-1313.4177745703917	0.02392509443961764	1.0	0.3780926105948911	0.10344777598340042	4.092702606420265
2000	-1307.0905504887355	-1313.044106287672	5.953555798936613	-1313.044106287672	0.03176913662231591	1.0	0.2753990634533781	0.03172500828747474	5.216428626618303
2200	-1306.8376023292487	-1312.7681269096422	5.930524580393376	-1312.7681269096422	0.025822865895937137	1.0	0.22252491440260821	0.04653412638195782	5.185399374462124
2400	-1309.1012931040655	-1314.761659660992	5.660366556926733	-1314.761659660992	0.03380919808639656	1.0	0.2293657513210364	0.025950279450559697	4.859706894182399
2600	-1307.8736169432623	-1312.9377483002747	5.0641313570123865	-1312.9377483002747	0.028607596797415764	1.0	0.8096527711315695	0.0596658536208163	4.945927120655122
2800	-1307.0937560655768	-1313.2193185546907	6.125562489113918	-1313.2193185546907	0.021570703793428802	1.0	0.555446783240168	0.03191003181318514	5.669043713933036
3000	-1307.2507457185209	-1313.703406768163	6.452661049642108	-1313.703406768163	0.025736138223012357	1.0	0.35992143704774615	0.03017811243622578	5.795368687732564
3200	-1306.4788058352574	-1312.512201433351	6.033395598093534	-1312.512201433351	0.022882395599096845	1.0	0.9205719719227592	0.021151262838662966	5.909399681369418
3400	-1307.2277447560546	-1312.3267060067624	5.098961250707899	-1312.3267060067624	0.0256121425572213	1.0	1.1888739140014246	0.013917065213058825	5.221345465075769
3600	-1306.6964721695492	-1312.578892665325	5.882420495775661	-1312.578892665325	0.02512286030461462	1.0	0.49922874099066605	0.013928205383871652	5.315193295226145
3800	-1308.3264699286262	-1314.3051344770247	5.9786645483985605	-1314.3051344770247	0.025425292034113596	1.0	1.0198286872892715	0.026218250371663115	5.9692798547167145
4000	-1307.2445779128925	-1312.661268538986	5.416690626093439	-1312.661268538986	0.029560265606400946	1.0	0.5145442402397122	0.04943041969267572	4.972361392395406
4200	-1306.9032159227254	-1312.886230336593	5.983014413867493	-1312.886230336593	0.02237989594208996	1.0	0.5827907404320997	0.038181271889499054	5.572843353685554
4400	-1307.7152031779265	-1314.3525206318668	6.637317453940362	-1314.3525206318668	0.029222384501214026	1.0	0.14869192507540518	0.026336078377876118	5.757153052608932
4600	-1307.2187940957108	-1313.0729654162233	5.854171320512467	-1313.0729654162233	0.027134519719334605	1.0	0.4694038792562209	0.03036433315254221	5.306925706012356
4800	-1307.0344511028327	-1312.386223137801	5.351772034968178	-1312.386223137801	0.025135129531596325	1.0	1.1511902023019374	0.030154558391014132	5.485677062418245
5000	-1306.7327609400916	-1312.4112023630205	5.67844142292889	-1312.4112023630205	0.029007845801558588	1.0	0.5899092579994136	0.01636276268274404	5.2092721857483415
5200	-1306.751794046738	-1313.0556190259006	6.30382497916259	-1313.0556190259006	0.02761995920026553	1.0	0.2144043569462745	0.012247976795914639	5.446681792786994
5400	-1309.4050860872155	-1313.3394919185869	3.9344058313713317	-1313.3394919185869	0.02995193587855392	1.0	1.1668929085927024	0.0114720961318475	4.027400043114688
5600	-1307.503078534307	-1312.890584546879	5.387506012572073	-1312.890584546879	0.02420189908850353	1.0	0.5709537200355045	0.05347370756924646	5.011838646174592
5800	-1308.9629884702267	-1312.3659058519238	3.402917381697012	-1312.3659058519238	0.02339644108737326	1.0	2.5903946300006235	0.009825025676333156	4.914422192255822
6000	-1306.8666192033136	-1312.2570722943276	5.390453091014101	-1312.2570722943276	0.02685599973171211	1.0	1.1196899334426436	0.023947646368500424	5.474049025294225
6200	-1307.4482804905927	-1313.2164096063634	5.768129115770673	-1313.2164096063634	0.021035865881808617	1.0	1.409345459601453	0.01302252307892246	6.1082741419987645
6400	-1307.879108574103	-1314.2804811894866	6.401372615383602	-1314.2804811894866	0.019071140069647604	1.0	1.0016463684230819	0.015331996500299419	6.340816954740526
6600	-1307.397191443115	-1312.1459946959442	4.748803252829222	-1312.1459946959442	0.0290581753117805	1.0	1.5935428490448418	0.03515902006460775	5.340225962396719
6800	-1306.8975645884223	-1312.5166480465548	5.619083458132597	-1312.5166480465548	0.027204576667788437	1.0	0.3065398832640817	0.05630950612423696	4.98759558391821
7000	-1307.2792105914373	-1312.1693441212178	4.8901335297804405	-1312.1693441212178	0.028239106913724738	1.0	0.7932197388626848	0.06457253770572177	4.770365000805519
7200	-1307.173927416355	-1312.9985207014424	5.824593285087565	-1312.9985207014424	0.032642645908539186	1.0	0.39113721623104414	0.03578078642489406	5.2154945023269805
7400	-1307.385362086126	-1312.7017517424451	5.3163896563190916	-1312.7017517424451	0.029914723202224346	1.0	0.6461557472386193	0.04721959403959047	4.99697245794395
7600	-1310.7632012137651	-1315.2438201586842	4.480618944919211	-1315.2438201586842	0.038530238485949705	1.0	1.1513282357159442	0.0594563879503879	4.703455428690477
7800	-1310.3764072093622	-1312.7928008605495	2.4163936511872977	-1312.7928008605495	0.030511298972582663	1.0	1.618774737748513	0.15803813204871833	3.4054091948648613
8000	-1308.189020251664	-1312.9068046196921	4.717784368028137	-1312.9068046196921	0.026635727064878267	1.0	0.8179315717965314	0.07546276951320692	4.655728374433988
8200	-1309.5708722210336	-1312.5989629666158	3.028090745582152	-1312.5989629666158	0.03041832074492807	1.0	0.9589330290688749	0.15825099054612576	3.3579096063297973
8400	-1309.050498619025	-1312.1927506768768	3.1422520578518585	-1312.1927506768768	0.028877477255527174	1.0	1.0133211040935102	0.1489243376950987	3.498196409227087
8600	-1310.7149321291993	-1312.4723877224242	1.757455593224869	-1312.4723877224242	0.02804904824179393	1.0	0.9397846118241644	0.27268269903475967	2.4148887897236637
8800	-1311.2876013256403	-1312.8718777109095	1.5842763852692179	-1312.8718777109095	0.03241117051672904	1.0	1.2703851885790935	0.2566197578498733	2.5236345791748014
9000	-1309.869338800664	-1313.5118483991412	3.6425095984771207	-1313.5118483991412	0.022733105750818064	1.0	0.742154553942363	0.13950414464163743	3.6987413601452586
9200	-1308.3732983049351	-1313.455510821142	5.082212516206927	-1313.455510821142	0.02876700915814475	1.0	0.1851665322540166	0.0794187242921214	4.399379224824549
9400	-1307.9580649267034	-1312.8976873345032	4.939622407799802	-1312.8976873345032	0.02810062196443183	1.0	0.23235757009643684	0.08631317158079757	4.324872418770984
9600	-1307.4992214067352	-1312.9937545501848	5.494533143449723	-1312.9937545501848	0.03138073975427507	1.0	0.4203847673107064	0.05412934381696217	4.970283600835673
9800	-1307.7912189239385	-1313.2334170793279	5.442198155389362	-1313.2334170793279	0.03025509688567398	1.0	1.1404128996811602	0.030764526575322904	5.56717426865595
10000	-1310.2323786117	-1314.3380403030114	4.105661691311628	-1314.3380403030114	0.0337793462587417	1.0	1.6301035299064845	0.04846536219283938	4.773967330614196
10200	-1307.4321916863348	-1313.7684784766786	6.336286790343868	-1313.7684784766786	0.026546455663841007	1.0	0.37788285350698253	0.03275630970919604	5.704768563902561
10400	-1308.6076787352972	-1314.4673355488023	5.859656813505108	-1314.4673355488023	0.030602858537802237	1.0	0.16283733583656315	0.053695426727973616	5.076544939147253
10600	-1307.2352314477819	-1312.4830318963095	5.247800448527534	-1312.4830318963095	0.024912150289811443	1.0	0.9520313687261854	0.04347700473123539	5.22291769191767
10800	-1308.4781793913544	-1312.582839902237	4.104660510882738	-1312.582839902237	0.02947974428783915	1.0	1.1239916236774286	0.08192879812753066	4.368258595273497
11000	-1308.5496438581893	-1312.3866986986282	3.8370548404388396	-1312.3866986986282	0.028706180841951638	1.0	0.5097476623683524	0.1365974867254143	3.6520716562413815
11200	-1308.2676827944545	-1313.2015340596572	4.933851265202663	-1313.2015340596572	0.03349247959455787	1.0	0.5201086659818089	0.07105801854408092	4.560624635584318
11400	-1309.8063647834485	-1313.7012833055123	3.8949185220637412	-1313.7012833055123	0.022464970271803816	1.0	0.3133071208044776	0.14685434414637424	3.5445761824265296
11600	-1308.1515350774876	-1312.1523753258791	4.000840248391615	-1312.1523753258791	0.027454961538904164	1.0	0.9434248429308556	0.09984818935828772	4.13817273758355
11800	-1308.1708387866067	-1312.3605740571247	4.18973527051806	-1312.3605740571247	0.03020502915018315	1.0	1.3948238804897812	0.06766146449651844	4.680931267384771
12000	-1308.605267953444	-1313.7686673969085	5.163399443464533	-1313.7686673969085	0.020367481299639764	1.0	2.2025098253656172	0.013849149751954223	6.299213764769005
12200	-1306.300667048704	-1312.9098715591608	6.609204510456761	-1312.9098715591608	0.025060782714185992	1.0	0.30093365942763245	0.022966221897796516	5.871070157174287
12400	-1308.74508801452	-1312.6109737980607	3.865885783540649	-1312.6109737980607	0.021891149130414397	1.0	2.250411526640411	0.05389912709605517	5.170965373829313
12600	-1307.447861681209	-1312.1936447651788	4.745783083969943	-1312.1936447651788	0.027417610993300846	1.0	0.8155458526233788	0.06921628333789123	4.662412625216836
12800	-1311.305694944832	-1313.2262127873676	1.920517842535472	-1313.2262127873676	0.025626619851008864	1.0	1.5243575570419492	0.20791131481495673	2.966247062373861
13000	-1310.9843504979506	-1312.3655213271802	1.3811708292296194	-1312.3655213271802	0.030463140845623314	1.0	1.9477948897936095	0.21272217783196554	2.864915754598483
13200	-1311.227318471067	-1313.2190346347209	1.9917161636537384	-1313.2190346347209	0.03319664774952086	1.0	1.3464027118278135	0.20920872943425572	2.8634220977304126
13400	-1310.6621014117836	-1313.011395349991	2.349293938207487	-1313.011395349991	0.02168045288113902	1.0	1.2871402543405288	0.192964416924659	3.112512225373856
13600	-1313.8527120397366	-1312.3509015169213	-1.5018105228153837	-1312.3509015169213	0.03003623082384302	1.0	5.716640391751638	0.1425707929908658	3.53819995044757
13800	-1307.995811376409	-1311.9507844455356	3.9549730691266287	-1311.9507844455356	0.025551043942775655	1.0	1.8451000416936942	0.06174113002306168	4.878504819701929
14000	-1311.4123280864258	-1316.3273264703219	4.914998383896061	-1316.3273264703219	0.021273460677427174	1.0	0.7442652860793664	0.07603147004124086	4.780999439518183
14200	-1307.2359763409875	-1312.8255850885612	5.5896087475737986	-1312.8255850885612	0.02341696374855732	1.0	0.46766041816680853	0.05191151931873938	5.1059141755182065
14400	-1306.7023594276186	-1312.4326488129423	5.730289385323678	-1312.4326488129423	0.024202927468349154	1.0	0.5745949532674363	0.044475266520022455	5.330995248978661
14600	-1308.074871642012	-1313.5562019338922	5.481330291880102	-1313.5562019338922	0.0212460585906143	1.0	0.7711219090412527	0.045595143876913755	5.281956679057059
14800	-1308.5329845934623	-1312.4097309875053	3.876746394043052	-1312.4097309875053	0.029104133591314755	1.0	0.4649146572885821	0.13535600141389686	3.6431681280642563
15000	-1306.7214389534909	-1312.0950300286186	5.373591075127684	-1312.0950300286186	0.025696212816071585	1.0	0.9064117669588413	0.04295973555097949	5.3015212343860645
15200	-1308.4810517113947	-1312.9843000486142	4.50324833721956	-1312.9843000486142	0.0221386421728605	1.0	1.9868204716376836	0.035412602060400346	5.488717099670178
15400	-1307.1449680474416	-1313.069311538221	5.924343490779502	-1313.069311538221	0.021980851951005704	1.0	0.7681122533064625	0.029348565075198625	5.672728165246773
15600	-1307.2789477002557	-1312.7912954553296	5.512347755073859	-1312.7912954553296	0.022602525936016197	1.0	0.606041285701675	0.05320870571315916	5.170964918415011
15800	-1310.0099800892372	-1314.5331332993885	4.523153210151266	-1314.5331332993885	0.01846328262355594	1.0	2.26251955832117	0.031789481408047306	5.773341905793393
16000	-1308.7606485970798	-1314.1557933973331	5.395144800253339	-1314.1557933973331	0.03057780073266247	1.0	0.7252010463767667	0.009861645620387622	5.04156699671573
16200	-1306.481328435557	-1312.1663164621518	5.684988026594808	-1312.1663164621518	0.025649878087323635	1.0	0.9518696600983565	0.013315542568599	5.568545191167308
16400	-1306.559745617451	-1312.195687237739	5.63594162028818	-1312.195687237739	0.026310445707585273	1.0	1.0496021433422678	0.014250647765466674	5.620064920216311
16600	-1310.2527252413274	-1314.0565790705396	3.803853829212133	-1314.0565790705396	0.018627198716462737	1.0	2.865291632092137	0.03776280853105142	5.674915589907057
16800	-1309.8219938011232	-1312.9172246789954	3.095230877872134	-1312.9172246789954	0.03145310056210783	1.0	3.429444563589222	0.02749632756252606	5.499335021674672
17000	-1306.7590269137365	-1312.3216923498296	5.562665436093088	-1312.3216923498296	0.023261161222773843	1.0	1.2899364387903807	0.02525417569467174	5.820467055497227
17200	-1307.7411425943114	-1313.1686319388225	5.427489344510951	-1313.1686319388225	0.021026403379520664	1.0	1.805016808956115	0.017605522629939693	6.177193597521029
17400	-1308.647095946092	-1313.7483775154524	5.101281569360462	-1313.7483775154524	0.021971894038777806	1.0	1.9202450449392745	0.02831112299191921	5.99865527157182
17600	-1312.3269416002868	-1316.8775184215733	4.550576821286529	-1316.8775184215733	0.020774541843480505	1.0	1.8933004837921923	0.0242265307249594	5.408628410026684
17800	-1307.822468160206	-1312.2953236488336	4.472855488627669	-1312.2953236488336	0.02286669431617846	1.0	2.1762939084680335	0.032764639857213854	5.639773560020194
18000	-1306.3447006738188	-1312.2492402386763	5.904539564857426	-1312.2492402386763	0.024100507918118637	1.0	0.9391416983165328	0.018744465936632038	5.791820050581537
18200	-1306.6711383321037	-1313.3562395813885	6.685101249284876	-1313.3562395813885	0.026859873089007193	1.0	0.24194728764505968	0.018395960281627297	5.8741312465950735
18400	-1306.4831684785236	-1312.643645711311	6.160477232787326	-1312.643645711311	0.027167942294059604	1.0	0.3644018815590598	0.0349754265331037	5.522202630834179
18600	-1307.2701298936418	-1312.7085235822733	5.438393688631472	-1312.7085235822733	0.02506318677117325	1.0	0.36828132848715023	0.06382754729177098	4.891429202572075
18800	-1307.061308599635	-1312.9915872805627	5.930278680927748	-1312.9915872805627	0.02942840824755289	1.0	0.24702504430199657	0.0460013343479202	5.208039083580619
19000	-1309.044981096159	-1313.4587784630505	4.413797366891526	-1313.4587784630505	0.03407614490827508	1.0	0.5772922248792374	0.09188846810419925	4.16087687059521
19200	-1307.9443839498651	-1312.612516708524	4.668132758658947	-1312.612516708524	0.029298558415086415	1.0	0.35882942919559163	0.09370818274737233	4.20226375347648
19400	-1307.9995551126083	-1314.0357258321924	6.036170719584211	-1314.0357258321924	0.03269343044931834	1.0	0.041208872020317096	0.023675764299284613	5.04046170738378
19600	-1307.7983882447406	-1314.3386802657092	6.5402920209684385	-1314.3386802657092	0.02224043813441476	1.0	0.7036905028255583	0.021848596754336407	6.20152776822492
19800	-1306.6698918620912	-1312.7144346647385	6.044542802647317	-1312.7144346647385	0.030993634254151175	1.0	0.45652302167151687	0.02423930233779506	5.465855631123875
20000	-1306.7823675511631	-1313.110919881341	6.328552330177807	-1313.110919881341	0.02873862172134944	1.0	0.11002504911815943	0.026574785950780326	5.410444409170659
20200	-1308.0230642974313	-1314.0309481858326	6.007883888401241	-1314.0309481858326	0.034876367077231143	1.0	0.3627954702576614	0.02991795544745138	5.352677205190174
20400	-1307.5918033435994	-1312.9623060929707	5.370502749371331	-1312.9623060929707	0.02308272165639722	1.0	0.7726575923672344	0.04755280672764629	5.178597131543155
20600	-1311.7796553473834	-1313.384159085738	1.6045037383545988	-1313.384159085738	0.02093762961873696	1.0	3.5974043768390107	0.08987248393386298	4.365586351077644
20800	-1308.2766844648822	-1313.3041614432238	5.027476978341706	-1313.3041614432238	0.028422044785022887	1.0	1.1145353879717614	0.03512509314846096	5.139789417999314
21000	-1306.327486911424	-1312.6991071400012	6.371620228577038	-1312.6991071400012	0.02304568346046268	1.0	0.5230100697141028	0.019945658644561846	5.846409063601536
21200	-1310.160135999352	-1314.3199614365674	4.159825437215426	-1314.3199614365674	0.029944431449471755	1.0	0.6950187409761077	0.10832302128548266	4.0744331333229
21400	-1307.5937032530503	-1312.478878839664	4.88517558661369	-1312.478878839664	0.03030731014205499	1.0	1.0108864997998694	0.051477349589260944	4.9433914303442545
21600	-1308.6607953217042	-1314.409775498572	5.7489801768677955	-1314.409775498572	0.01919842029616358	1.0	0.9988631036249825	0.01146411172451639	5.673920388469702
21800	-1308.5295195373596	-1311.8997084664277	3.3701889290679463	-1311.8997084664277	0.02651900584559042	1.0	2.3903544130622447	0.009448394837026029	4.680512217114719
22000	-1307.6033240549643	-1312.7428771273655	5.139553072401254	-1312.7428771273655	0.03194477630033657	1.0	1.1019841665622825	0.034585845229182496	5.237680206045509
22200	-1308.7425043157104	-1313.5216744790673	4.779170163356836	-1313.5216744790673	0.02474916678706162	1.0	0.035377593838565695	0.11089368803939707	4.041926611581054
22400	-1307.458939316627	-1312.2646507085885	4.805711391961394	-1312.2646507085885	0.025808881367979514	1.0	1.7452053255924085	0.022894089587353297	5.511630122084777
22600	-1306.517014057181	-1312.31671880338	5.79970474619887	-1312.31671880338	0.027106608176097294	1.0	0.8386826086043649	0.014152399464963016	5.57261078926636
22800	-1308.5018443236675	-1312.4887261434226	3.9868818197552063	-1312.4887261434226	0.02204778554568342	1.0	2.567926250841019	0.009991312837549438	5.476422151642946
23000	-1308.0289452998966	-1313.5430998607612	5.514154560864731	-1313.5430998607612	0.022823149363825703	1.0	1.0600455948869802	0.018993247837330765	5.5230928277068605
23200	-1306.4948116541789	-1312.583821509841	6.089009855662205	-1312.583821509841	0.02580476210907912	1.0	0.45065849228992316	0.027184497368513333	5.513382988183587
23400	-1306.6784098022472	-1312.2944423717117	5.61603256946451	-1312.2944423717117	0.023686007784360037	1.0	1.1835332671805787	0.022055965745089418	5.757739471957082
23600	-1308.7227269199889	-1313.823420646689	5.100693726700256	-1313.823420646689	0.035564897153161794	1.0	0.7939864200184478	0.016380255088838228	4.835654658829936
23800	-1306.43142580904	-1312.4322276791181	6.000801870077945	-1312.4322276791181	0.02941235262749055	1.0	0.593972351864714	0.0212586309839493	5.550531691311804
24000	-1308.1157237228106	-1313.8316767914457	5.715953068635132	-1313.8316767914457	0.035651184589583884	1.0	0.5113131931991964	0.026830406482945688	5.19990789938225
24200	-1306.9998336370143	-1312.0989893851215	5.099155748107279	-1312.0989893851215	0.02416994729120339	1.0	1.6817231015005747	0.02592958847537815	5.7507907356176915
24400	-1306.3294110315724	-1312.8956330570325	6.566222025460031	-1312.8956330570325	0.026525836701844333	1.0	0.3139736655883214	0.01803271848127113	5.826177667985139
24600	-1308.1225363366575	-1313.27306295388	5.1505266172226705	-1313.27306295388	0.028008870804406658	1.0	0.2774026383121521	0.07205317811122806	4.5376095949866295
24800	-1310.0193498973076	-1314.8498895052317	4.830539607924047	-1314.8498895052317	0.03233800681864191	1.0	0.7652143671258403	0.05461821469369114	4.65260109202431
25000	-1308.6621929261207	-1313.6049289056386	4.942735979517897	-1313.6049289056386	0.019685247265998147	1.0	1.315070494749407	0.05048174081240211	5.302118821904488
25200	-1316.6345345313366	-1314.8026436924138	-1.8318908389227846	-1314.8026436924138	0.037634632828463604	1.0	2.4301427378671447	0.5394553793237057	1.124302545100645
25400	-1310.717971361342	-1311.9783380279227	1.2603666665807958	-1311.9783380279227	0.02530892009808121	1.0	2.536804175826378	0.17762566410838926	3.226767806092803
25600	-1317.3882719512485	-1318.984085303196	1.595813351947436	-1318.984085303196	0.04484926638175348	1.0	2.478275441880262	0.1419634639732546	3.3956184843765556
25800	-1308.8414051187115	-1313.0195921853358	4.178187066624323	-1313.0195921853358	0.028873421234780823	1.0	1.8374034158568364	0.04266877608908281	5.036227179441617
26000	-1307.558739126293	-1313.6986523763512	6.139913250058235	-1313.6986523763512	0.021882179649936776	1.0	1.1719571523668029	0.016256611668774696	6.252470237505775
26200	-1308.8878968991635	-1312.6477233540625	3.7598264548990903	-1312.6477233540625	0.026509009351232102	1.0	1.485324438809069	0.08873183850401031	4.4053726282896095
26400	-1311.7156449349761	-1313.0147658353771	1.299120900401064	-1313.0147658353771	0.028462051036921444	1.0	3.027646735167191	0.14007455794074583	3.6425733684428434
26600	-1307.3539021633387	-1312.6317602347797	5.277858071441047	-1312.6317602347797	0.022182712556368556	1.0	1.1067717264869104	0.04291889000715465	5.406024415852269
26800	-1307.521897986866	-1312.7372064957676	5.215308508901668	-1312.7372064957676	0.025254198756952274	1.0	1.8091532230969858	0.018731904413614345	5.972562454184965
27000	-1308.1533612754372	-1312.564307482037	4.410946206599808	-1312.564307482037	0.02829187157540866	1.0	1.88755296994816	0.043131715938937096	5.320538721538288
27200	-1308.273752294596	-1312.4305555899869	4.156803295390697	-1312.4305555899869	0.022558130328421754	1.0	1.578089576910618	0.06722563150717623	4.829944282649935
27400	-1306.9813118833092	-1313.287416076375	6.306104193065805	-1313.287416076375	0.02911084103088222	1.0	0.49963799536113074	0.020282958386270648	5.7585430741667505
27600	-1308.2405582402916	-1312.1699570087399	3.9293987684481486	-1312.1699570087399	0.02839677348001265	1.0	1.5611152257688865	0.0741663716522302	4.606597950459758
27800	-1308.6952926721656	-1312.1963097092444	3.5010170370787073	-1312.1963097092444	0.026465211080184084	1.0	2.425166923400783	0.05815412731351107	4.99374596418064
28000	-1307.4692721918404	-1313.4633553547787	5.994083162938237	-1313.4633553547787	0.021312908052730062	1.0	0.4184966711004797	0.04176739038298809	5.430485059162524
28200	-1310.0549003215817	-1315.2096775155962	5.154777194014436	-1315.2096775155962	0.038490054834928546	1.0	0.513231708464981	0.049684314279700735	4.709904806078111
28400	-1306.7720507698348	-1313.0339219235034	6.261871153668508	-1313.0339219235034	0.022100437216276626	1.0	0.6015571599223002	0.021272387322882533	5.819227468835508
28600	-1307.742644802101	-1313.0039644510343	5.2613196489332665	-1313.0039644510343	0.02153945020059291	1.0	0.9072118247809469	0.05266890270618733	5.2194715846658974
28800	-1309.5901197355274	-1314.6263820752308	5.036262339703286	-1314.6263820752308	0.037410771341809104	1.0	0.739584603976927	0.05331346101170121	4.828740261618302
29000	-1307.031007358456	-1313.089160921223	6.058153562767152	-1313.089160921223	0.028555795315595288	1.0	0.6064351161927245	0.030066144069723254	5.6470355819222755
29200	-1310.619882305301	-1315.7983723377424	5.178490032441472	-1315.7983723377424	0.02082744351029817	1.0	2.192534063180438	0.022612856589257154	6.330885278946532
29400	-1306.253755512755	-1312.2370655068623	5.983309994107225	-1312.2370655068623	0.026378962160467877	1.0	0.5409427519928393	0.032197681534167404	5.5131588535001725
29600	-1310.7151959155915	-1313.1056739457472	2.390478030155594	-1313.1056739457472	0.026501066725157143	1.0	0.7622511531687972	0.22782586301846755	2.734447961889045
29800	-1308.0362189313503	-1314.392771990752	6.356553059401619	-1314.392771990752	0.024315155326806028	1.0	0.573977063813026	0.029595858564685457	5.91155191858602
30000	-1308.7243944250463	-1313.2013102355588	4.476915810512451	-1313.2013102355588	0.021151937501210184	1.0	2.0845811662207225	0.011927957384141057	5.48897967761805
30200	-1308.647137930403	-1314.2113129578136	5.564175027410538	-1314.2113129578136	0.019137069327124577	1.0	0.6126306169259664	0.05370633402752084	5.230889486564957
30400	-1306.1581454376737	-1312.1901922252307	6.032046787556852	-1312.1901922252307	0.026882364371188017	1.0	0.6098614759062273	0.022925040911642575	5.6027154598858395
30600	-1307.3649152188373	-1312.542579251288	5.177664032450729	-1312.542579251288	0.028188319126066393	1.0	0.45849447459528464	0.06424735566158854	4.7221848390746715
30800	-1312.0838942886292	-1313.3068501123448	1.2229558237156106	-1313.3068501123448	0.022627348050124615	1.0	0.9189671112404825	0.33584207920895576	2.050963580764651
31000	-1310.6273324311037	-1315.1565965678262	4.529264136722624	-1315.1565965678262	0.025097311185036476	1.0	1.335701714612518	0.048954299692656744	4.904649589518551
31200	-1308.3147370241654	-1312.9460317249705	4.631294700805108	-1312.9460317249705	0.03142348390356274	1.0	1.3838964374214466	0.05027178480894382	5.058867255550227
31400	-1308.0496025786822	-1312.1869902687015	4.13738769001939	-1312.1869902687015	0.026337552881870684	1.0	0.7193479016437654	0.007474502140535484	3.7707229736280157
31600	-1307.4499816323525	-1313.7675289710667	6.317547338714157	-1313.7675289710667	0.02040814619755176	1.0	0.5975856731889558	0.023813275898330412	5.878631829497655
31800	-1310.9024882354563	-1315.3024505144951	4.399962279038893	-1315.3024505144951	0.035474064008671514	1.0	0.5974188318996343	0.09677345564205911	4.181971382301944
32000	-1306.82163030092	-1312.8621845239347	6.040554223014535	-1312.8621845239347	0.02733077089166543	1.0	0.35306225978699923	0.028634018733862322	5.371723612018901
32200	-1307.5059124748207	-1311.9581255614016	4.452213086580876	-1311.9581255614016	0.026517129270820068	1.0	2.133721334762006	0.026099042628273783	5.556359804785737
32400	-1307.6190852143968	-1312.7293974806912	5.110312266294364	-1312.7293974806912	0.02461431696962507	1.0	1.4376099625840102	0.02203463057085696	5.506031212147239
32600	-1311.2121630339916	-1315.2106723983961	3.998509364404474	-1315.2106723983961	0.03580181354859509	1.0	1.8176319372236163	0.03747090834037275	4.821026884198518
32800	-1306.8921181051348	-1312.9559917285087	6.06387362337376	-1312.9559917285087	0.024065107888662073	1.0	0.26132327346816037	0.04478095882767064	5.3522341475556745
33000	-1306.5858373618853	-1312.4845891317882	5.898751769902808	-1312.4845891317882	0.030220190201169606	1.0	0.5417650063128764	0.02017668447438564	5.392995619798272
33200	-1310.287185622412	-1315.7134383984717	5.426252776059696	-1315.7134383984717	0.03827525590112513	1.0	0.05478406030691888	0.07024014823747964	4.585223145897973
33400	-1308.2964353177588	-1313.1264698608625	4.830034543103762	-1313.1264698608625	0.023249117207764305	1.0	0.2331618049923274	0.0979394948639173	4.251320071646955
33600	-1307.2030576791565	-1313.888480702332	6.685423023175327	-1313.888480702332	0.02129690333229865	1.0	0.19949905361329526	0.028606448607164693	5.86294566016751
33800	-1308.6391529020534	-1312.0875554291056	3.448402527052114	-1312.0875554291056	0.025485355906382037	1.0	0.9859957210180036	0.1323470146605188	3.726787183125836
34000	-1308.354775983448	-1313.1335661369753	4.778790153527373	-1313.1335661369753	0.02658016955904965	1.0	0.3774748569352543	0.0868605776106394	4.310816257488408
34200	-1309.2012659750508	-1314.316618890654	5.115352915603205	-1314.316618890654	0.028637545018618545	1.0	0.7048131864383076	0.06369908722404409	4.904531014562459
34400	-1310.4936606066194	-1316.3548325827214	5.861171976102084	-1316.3548325827214	0.016065276431136352	1.0	1.7778264358519615	0.01464382289370264	6.574711008322443
34600	-1308.1828818222452	-1312.5526865375136	4.369804715268462	-1312.5526865375136	0.02475607330814354	1.0	1.2269220818863174	0.07349294234410426	4.710770058524393
34800	-1309.4147930142976	-1312.1155038172653	2.7007108029676994	-1312.1155038172653	0.023646777938724425	1.0	2.4678822400998612	0.09204871743484545	4.338865925924269
35000	-1310.168750805758	-1312.8712274362301	2.702476630472179	-1312.8712274362301	0.030805140256317358	1.0	3.1619092391909422	0.04955570032877561	4.9058920340165875
35200	-1309.9735295122402	-1314.3784565645092	4.4049270522690245	-1314.3784565645092	0.0355511824243653	1.0	0.39022298419128	0.09972841499071865	3.9886947300923863
35400	-1311.9703211731526	-1313.5339861811894	1.5636650080369234	-1313.5339861811894	0.02501948726499734	1.0	1.7376159340217947	0.22083517029743413	2.861815803286907
35600	-1309.1680907696684	-1313.0887459771825	3.9206552075140975	-1313.0887459771825	0.027313740664300354	1.0	0.09216584356639176	0.16031886307858823	3.389973163160661
35800	-1311.916704514138	-1312.8103112955735	0.893606781435524	-1312.8103112955735	0.025485125892673294	1.0	0.5182829005931742	0.42904830638619756	1.6033734404955644
36000	-1309.4204747048213	-1312.3161130766948	2.8956383718735568	-1312.3161130766948	0.027654289613897244	1.0	0.458488384611316	0.21244260477311158	2.8892296009726905
36200	-1309.1818415527334	-1313.758182305661	4.576340752927638	-1313.758182305661	0.03443160599393317	1.0	0.21717860715914242	0.10210744723573056	3.9942732423401104
36400	-1306.50104368177	-1312.2339152390387	5.732871557268646	-1312.2339152390387	0.026701258041630094	1.0	0.5359583765156086	0.0419959436447871	5.287427744549877
36600	-1313.083068466106	-1316.1623055303896	3.079237064283729	-1316.1623055303896	0.01623806416035353	1.0	2.95092639475701	0.062437785290356464	5.110706244489905
36800	-1309.993162146032	-1312.365935432431	2.372773286398718	-1312.365935432431	0.024304644778095158	1.0	2.95092639475701	0.0858568057521699	4.475209195277056
37000	-1307.5299611720613	-1313.723245674874	6.193284502812839	-1313.723245674874	0.03142972251941157	1.0	0.47927982575922917	0.019249399988609625	5.622233219167455
37200	-1306.3988255901324	-1312.1987469127976	5.799921322665022	-1312.1987469127976	0.027360128575447795	1.0	0.6755098762281517	0.016709238592198417	5.417402630711559
37400	-1306.6748546360195	-1312.5345152868554	5.859660650835783	-1312.5345152868554	0.024358629259817632	1.0	0.9663155339527878	0.012424128016709246	5.7549624330448665
37600	-1309.5838390908257	-1313.4129311693143	3.8290920784886593	-1313.4129311693143	0.020645179275977546	1.0	2.668109424474643	0.03775928727206676	5.502960961084318
37800	-1312.291975772886	-1314.296244127314	2.004268354427919	-1314.296244127314	0.036005267901477477	1.0	3.5679921660974037	0.05936307937335973	4.643486015316923
38000	-1308.6931321410623	-1312.7533430850308	4.060210943968535	-1312.7533430850308	0.022007993461209706	1.0	1.4222703111133805	0.0770971376301864	4.607446320348748
38200	-1309.3151338765483	-1312.8240201161868	3.508886239638466	-1312.8240201161868	0.028107059392180913	1.0	2.769192943636238	0.02905917417182576	5.25747466230408
38400	-1307.5666416351987	-1312.1952445853253	4.62860295012664	-1312.1952445853253	0.02532418235721833	1.0	2.2586044519583517	0.022507446890291494	5.846749162079416
38600	-1310.513018003211	-1315.9061885664278	5.393170563216753	-1315.9061885664278	0.03994453804022895	1.0	0.3761898798550511	0.03571855228805803	4.768935855786732
38800	-1309.6281226007236	-1315.857521563671	6.229398962947461	-1315.857521563671	0.033832476156201025	1.0	0.20612775999149857	0.013346696982877085	5.367308634729097
39000	-1310.848252195767	-1313.9008957920307	3.052643596263845	-1313.9008957920307	0.03079195285525652	1.0	0.0710906197859141	0.2334491546799177	2.7224932723763837
39200	-1309.0308982649674	-1314.3107041683552	5.279805903387741	-1314.3107041683552	0.037490681318891494	1.0	0.2044304943151047	0.06539078260336323	4.5737276598580925
39400	-1309.3442827701276	-1312.937977908563	3.593695138435404	-1312.937977908563	0.02867510518471209	1.0	0.591588514677553	0.14377030909975486	3.512288631923936
39600	-1310.3306243425438	-1313.9756948013178	3.645070458773846	-1313.9756948013178	0.034557721588233274	1.0	0.171390779019209	0.17227627835232132	3.229847941611811
39800	-1308.7167362564455	-1312.8165589356875	4.099822679241994	-1312.8165589356875	0.03201989429965232	1.0	0.7492848682009126	0.10213145038514444	4.049934166512642
40000	-1308.1181561684882	-1312.4400091253515	4.321852956863308	-1312.4400091253515	0.02995389643966042	1.0	1.5057798265633626	0.013101203089446128	4.758670774327624
40200	-1307.829946465065	-1313.3910206037206	5.561074138655705	-1313.3910206037206	0.027427333851079507	1.0	0.6172538883526311	0.035494213070439956	5.177223623912301
40400	-1307.4264637182403	-1312.715787973771	5.289324255530768	-1312.715787973771	0.028701119993402066	1.0	0.8376204456280972	0.016719116726524333	5.068946066717631
40600	-1307.2662895168544	-1314.1707257909238	6.904436274069535	-1314.1707257909238	0.024680517522903647	1.0	0.02245656835488873	0.02632121304209413	5.897991469545522
40800	-1307.4435421313535	-1313.7014308113744	6.257888680020923	-1313.7014308113744	0.027714186532500885	1.0	0.029939039733018192	0.03386543598203821	5.281787628511234
41000	-1309.046637465537	-1312.99008650764	3.943449042102894	-1312.99008650764	0.030293532414544452	1.0	0.14388245407523476	0.15193118707779205	3.4390664082558873
41200	-1310.1466921858719	-1312.2805335356056	2.13384134973383	-1312.2805335356056	0.029711297556360233	1.0	1.6864975750992832	0.1732577931654384	3.236699915964346
41400	-1311.6750210620817	-1312.6843163620454	1.009295299963642	-1312.6843163620454	0.02735791960184168	1.0	2.480523491174954	0.19786342667826623	2.9807423080662763
41600	-1310.5542784983645	-1313.0135134748234	2.4592349764589465	-1313.0135134748234	0.032460408841160485	1.0	1.4220012458644864	0.16500084533363352	3.272576159418893
41800	-1306.7638423135415	-1312.17241915942	5.408576845878633	-1312.17241915942	0.025156509829339476	1.0	0.9706730160534245	0.041226928246773854	5.395517323006731
42000	-1308.9998395396315	-1314.1139351353274	5.114095595695937	-1314.1139351353274	0.03518833406133508	1.0	0.7464079509543361	0.04337974291632165	4.883294688541758
42200	-1307.517902720084	-1312.2170939003613	4.699191180277149	-1312.2170939003613	0.023746899356018647	1.0	1.6846781084691906	0.042598019923193925	5.404291573082892
42400	-1306.5692397078963	-1312.313151760297	5.74391205240073	-1312.313151760297	0.024913798958499937	1.0	0.737059323036648	0.013874049699409287	5.414351325762461
42600	-1309.3890249236745	-1312.3759185568156	2.9868936331411726	-1312.3759185568156	0.03028483997486381	1.0	1.1435524318709964	0.14954243938091044	3.474942347705438
42800	-1306.9842254216994	-1313.6159263633504	6.631700941650908	-1313.6159263633504	0.02580890059771774	1.0	0.08136495448145974	0.030920219113128422	5.698100905286903
43000	-1306.466247535299	-1312.9878892589882	6.521641723689054	-1312.9878892589882	0.02354755428423158	1.0	0.26927596619274174	0.02837170882953385	5.768229940601197
43200	-1307.8163183589238	-1313.934583545116	6.118265186192164	-1313.934583545116	0.023206781572170262	1.0	0.29867153910004984	0.03432477793606099	5.412288579364727
43400	-1306.8672639716378	-1312.537438092522	5.6701741208842105	-1312.537438092522	0.028691540281870147	1.0	0.6814471013869798	0.039748296937095376	5.363407982407444
43600	-1306.399972544634	-1312.3911977013613	5.991225156727355	-1312.3911977013613	0.025886634872634935	1.0	0.48118134356666026	0.037284246494297194	5.476726440906638
43800	-1307.8969729155597	-1313.862658968586	5.96568605302621	-1313.862658968586	0.02712407018572799	1.0	0.3089254705643656	0.024964574015588176	5.241599123358625
44000	-1308.1680205066732	-1313.843647511393	5.675627004719803	-1313.843647511393	0.03571010136726651	1.0	0.5305359064708912	0.028185490561409444	5.1829108641279
44200	-1308.2302256958399	-1312.7616950471738	4.531469351333896	-1312.7616950471738	0.026273890201888157	1.0	1.2843308789347643	0.012273664337271187	4.744330527981204
44400	-1308.0152585979206	-1312.2164957094556	4.201237111535011	-1312.2164957094556	0.02357195093104627	1.0	2.6368711667415576	0.013112121054416353	5.769179353919856
44600	-1311.752154256727	-1312.0789391945584	0.32678493783138574	-1312.0789391945584	0.029003541543071568	1.0	3.8194783054070656	0.1488301074932816	3.488600944454057
44800	-1316.6453162324283	-1314.3157770446776	-2.329539187750726	-1314.3157770446776	0.036410644436592796	1.0	2.6458399177168945	0.5836944438469285	0.9764091474049462
45000	-1316.0006785611658	-1316.241570269137	0.24089170797105167	-1316.241570269137	0.033690575431843485	1.0	1.3759577516675685	0.3921831512414899	1.6966206267578876
45200	-1309.1423648928787	-1314.0446998610585	4.902334968179768	-1314.0446998610585	0.027046370651233817	1.0	0.06660684618414826	0.10293473099808043	4.172202617109216
45400	-1307.80266440786	-1313.631617629161	5.828953221300953	-1313.631617629161	0.03403798100069687	1.0	0.011174386972572642	0.050874147000506645	4.8856290655716315
45600	-1309.5295972819301	-1314.0085081422103	4.4789108602802745	-1314.0085081422103	0.033891550635629035	1.0	0.008435407386692607	0.12077442038647236	3.744666735225575
45800	-1306.6107192881257	-1313.390344927162	6.77962563903645	-1313.390344927162	0.024759236644619858	1.0	0.12193075591439201	0.01552477904356085	5.839938555409718
46000	-1307.0268979444086	-1312.6037692240136	5.576871279605108	-1312.6037692240136	0.030562270450701676	1.0	0.5574537735788085	0.04067708567594766	5.148926324650025
46200	-1308.9104329671197	-1312.9462639985272	4.035831031407385	-1312.9462639985272	0.020860382547804618	1.0	1.995229687439904	0.05702865218577002	5.095212191858314
46400	-1308.1749259272513	-1313.075361624983	4.900435697731828	-1313.075361624983	0.023100057059351163	1.0	1.4818719220275047	0.03673136401930084	5.384952158932572
46600	-1312.6578164976056	-1316.865694371836	4.207877874230393	-1316.865694371836	0.018505533903149605	1.0	0.1510249420661384	0.13872401248529923	3.6706159871849176
46800	-1311.8659932254711	-1313.706451081549	1.8404578560778349	-1313.706451081549	0.023528392986940427	1.0	0.5127313242867976	0.31536674858279307	2.200183369730273
47000	-1309.8145295875859	-1311.880262760341	2.0657331727553325	-1311.880262760341	0.025976709986802675	1.0	3.2628494176798806	0.0819637393840394	4.4682949337440245
47200	-1306.4420265903839	-1312.2774063810919	5.835379790708004	-1312.2774063810919	0.026594947058554853	1.0	0.6800179413732704	0.028380273576159267	5.4927359365783275
47400	-1308.1499601901276	-1314.8048405642292	6.654880374101568	-1314.8048405642292	0.02134701260480073	1.0	0.13991203046565376	0.02002748720177815	5.746819135202514
47600	-1310.151163029339	-1314.1374141051854	3.9862510758463436	-1314.1374141051854	0.036719337671787394	1.0	0.2792462332701698	0.13547503498017685	3.5673650936257415
47800	-1307.5444986716914	-1312.5346572077174	4.990158536025929	-1312.5346572077174	0.02647229020443482	1.0	0.812668745519942	0.011524668828710177	4.729087895899139
48000	-1307.9450927394582	-1313.1536946803217	5.208601940863394	-1313.1536946803217	0.03224882952327679	1.0	1.2786486560174792	0.027760603992006215	5.4627110147592814
48200	-1310.1052087482744	-1313.1485521995019	3.0433434512274977	-1313.1485521995019	0.027901856063442487	1.0	1.8919281383717956	0.09647362877321575	4.118953294693488
48400	-1311.8400150463174	-1312.6812487671782	0.8412337208607945	-1312.6812487671782	0.031773568330477606	1.0	1.3925752471996	0.3229523975162282	2.1037899723758384
48600	-1309.6545166287917	-1313.222396138423	3.5678795096311804	-1313.222396138423	0.023751247305018746	1.0	0.25057310261875054	0.17492878541567902	3.2398772162606804
48800	-1308.749375618418	-1313.1568548361577	4.407479217739555	-1313.1568548361577	0.03097594054150435	1.0	1.9602598949650125	0.037900657335772976	5.3739269649580255
49000	-1307.3038129622737	-1312.3665286047108	5.062715642436997	-1312.3665286047108	0.03022937207895765	1.0	1.2111706123761312	0.015275742709598914	5.211513759714544
49200	-1308.8683396436463	-1313.9888087266745	5.120469083028106	-1313.9888087266745	0.0341457240706594	1.0	1.245851317933707	0.03292435950842996	5.357428562829384
49400	-1310.0497073144988	-1313.2312157218037	3.1815084073047677	-1313.2312157218037	0.02178816873022069	1.0	0.4719403204768728	0.19120401883605329	3.124192220945039
49600	-1310.6535626923312	-1313.3672357380008	2.7136730456695024	-1313.3672357380008	0.027850000862280747	1.0	2.5635796991041104	0.08729047581357166	4.4331067136264615
49800	-1310.221530770662	-1313.2032759798965	2.9817452092345293	-1313.2032759798965	0.023885711865752966	1.0	2.6676226283947124	0.06484064933411265	4.7371920292716085
50000	-1311.7262683930855	-1312.7660364725577	1.0397680794721538	-1312.7660364725577	0.02723863684658654	1.0	5.014832283554945	0.05404621387548891	5.109714144188787
50200	-1308.0504630545547	-1312.6137473665854	4.5632843120307145	-1312.6137473665854	0.030533621716859055	1.0	0.40941148632402147	0.09762820482939495	4.159876218770686
50400	-1307.6405640923074	-1312.4133614576012	4.772797365293771	-1312.4133614576012	0.030322550674690387	1.0	1.3830402021510777	0.04362027052517162	5.179357580878302
50600	-1306.5661337145732	-1312.4397532890105	5.873619574437231	-1312.4397532890105	0.029672121773740533	1.0	0.6636934977901501	0.018344490086338535	5.484239811603765
50800	-1308.7079985470918	-1314.94548844047	6.2374898933780525	-1314.94548844047	0.022392644253144075	1.0	0.13012831209854525	0.047879379993091234	5.404044611237081
51000	-1307.2075495694558	-1313.1423906671835	5.934841097727688	-1313.1423906671835	0.021945092488013386	1.0	0.9795547393703322	0.029376912657859647	5.894754160024469
51200	-1307.7259317020578	-1314.3349980978742	6.609066395816497	-1314.3349980978742	0.025182951437618856	1.0	0.00782639306935816	0.03685441514118764	5.619910210246631
51400	-1308.1517572640096	-1312.6919252678647	4.540168003855113	-1312.6919252678647	0.025507460600393307	1.0	0.6876868328516914	0.08993651327520596	4.391727100897938
51600	-1308.267816074314	-1314.480631465443	6.212815391129038	-1314.480631465443	0.032356656432457005	1.0	0.3219048191422568	0.014753772320045596	5.470765986719519
51800	-1308.6087869760167	-1313.1846661740274	4.575879198010606	-1313.1846661740274	0.02160711863045327	1.0	0.6931810618403882	0.08716569118811607	4.424536093475189
52000	-1306.901444956771	-1312.1865057536027	5.285060796831565	-1312.1865057536027	0.026945523502416524	1.0	1.447262247847956	0.02591589042200738	5.70219342143672
52200	-1310.0070432735695	-1312.2515225302325	2.2444792566629705	-1312.2515225302325	0.024378721972203667	1.0	1.0784848269990033	0.21583368324208074	2.8683429235103044
52400	-1308.3909679424794	-1313.3994521258833	5.008484183403983	-1313.3994521258833	0.027253986049527494	1.0	1.2174942056710167	0.03138439683486344	5.2124199973863075
52600	-1306.1741137107015	-1312.6664353328163	6.492321622114843	-1312.6664353328163	0.024132127891723754	1.0	0.47542252090023795	0.01918925311463879	5.917230770356011
52800	-1308.1064783025076	-1312.5514129230778	4.444934620570141	-1312.5514129230778	0.02648671572592438	1.0	1.6771400279013258	0.014434302164518844	5.057152333539307
53000	-1307.6565426128377	-1313.7589735547083	6.102430941870659	-1313.7589735547083	0.021036813906910364	1.0	1.147555914615644	0.021250345235859235	6.205719217527902
53200	-1311.5058067483983	-1317.1301516257133	5.6243448773150355	-1317.1301516257133	0.04390670432588515	1.0	0.32328651816714105	0.03283408949628618	4.938466011858402
53400	-1307.1385449749075	-1312.0377616971023	4.899216722194662	-1312.0377616971023	0.02781289927145315	1.0	1.6274653501094618	0.026186247373784548	5.497371712551557
53600	-1308.1635430915883	-1312.3223703722122	4.158827280623933	-1312.3223703722122	0.0241900166539783	1.0	0.8914606144930486	0.09669023957124485	4.234625996568839
53800	-1307.5160860401058	-1313.2207385134593	5.704652473353521	-1313.2207385134593	0.029393667823419897	1.0	0.04938677484990884	0.06194370059104093	4.8330848072910335
54000	-1307.01248534505	-1312.3705764155975	5.358091070547515	-1312.3705764155975	0.024075256953369307	1.0	1.0162970626856838	0.012264598541161	5.3028909588363184
54200	-1307.956176246092	-1312.3825334206153	4.426357174523371	-1312.3825334206153	0.028713834101775724	1.0	1.8308559975635095	0.04330763780840444	5.279785813651344
54400	-1306.2080013436664	-1312.233792872924	6.025791529257448	-1312.233792872924	0.02709155282106283	1.0	0.5662321378838313	0.024804841502119243	5.5585272289897265
54600	-1308.1433436224024	-1312.5177070365417	4.374363414139153	-1312.5177070365417	0.02211284521887383	1.0	2.101915629695401	0.039386707440535344	5.486970078223656
54800	-1307.5563313334376	-1312.2003358748866	4.644004541448928	-1312.2003358748866	0.02878783651495095	1.0	1.344371476797036	0.05236150062775739	5.038384607747861
55000	-1310.3375245158688	-1313.0641143233413	2.7265898074723807	-1313.0641143233413	0.031001511945655643	1.0	3.1328409423237056	0.04870130958539125	4.898347851290812
55200	-1310.1625437853156	-1313.793397519455	3.6308537341394667	-1313.793397519455	0.03108717687491767	1.0	1.1593954650505356	0.10183211123837016	3.9901687299361797
55400	-1308.803530545107	-1312.9243367094846	4.1208061643777585	-1312.9243367094846	0.02404784614667673	1.0	0.3696890168377448	0.1280234077498808	3.7697822771480762
55600	-1308.035118160119	-1314.0553984530275	6.02028029290836	-1314.0553984530275	0.023264291720274884	1.0	0.4974318661594354	0.021118134868997374	5.473043882634055
55800	-1306.5161347154854	-1312.2854888970016	5.76935418151639	-1312.2854888970016	0.02610639610158701	1.0	0.7337606274803534	0.036351839606798775	5.504609274192704
56000	-1308.109770109112	-1313.50735453705	5.397584427938085	-1313.50735453705	0.03216018675083941	1.0	0.7106698208256668	0.028745071829963116	5.086697902514755
56200	-1308.0514787463135	-1312.6895867269777	4.638107980664205	-1312.6895867269777	0.029487459541463135	1.0	1.0544920065286858	0.059209023784195174	4.76335864686581
56400	-1310.4697981330633	-1312.3401417887922	1.870343655728927	-1312.3401417887922	0.026393039231232113	1.0	3.108109149433284	0.09711708370340516	4.164084373681222
56600	-1309.3108593778056	-1313.999336262303	4.688476884497183	-1313.999336262303	0.0363543399918533	1.0	0.21178585533995983	0.09754208792724373	4.087182199943543
56800	-1308.111059605492	-1313.7509227183361	5.6398631128440275	-1313.7509227183361	0.0194301480057081	1.0	1.5755004187800712	0.012292582448417206	6.1439511569461756
57000	-1306.7839809699417	-1312.2080427065328	5.424061736591053	-1312.2080427065328	0.02566611197910832	1.0	1.276166634331381	0.02989987704483462	5.682171434415474
57200	-1312.7547049639575	-1316.9981815009637	4.243476537006351	-1316.9981815009637	0.01823164389442162	1.0	1.2057390108851018	0.07764881939221875	4.575852376073534
57400	-1307.3784343182751	-1312.7988840881894	5.420449769914288	-1312.7988840881894	0.02999278063809577	1.0	0.421147722176112	0.05853320376841198	4.910308212321553
57600	-1306.8680541150943	-1313.3528370816489	6.484782966554593	-1313.3528370816489	0.022976226693409832	1.0	0.19006689298543963	0.0315265882362962	5.661722350885985
57800	-1311.361588915507	-1313.4392659815217	2.077677066014732	-1313.4392659815217	0.028857481254082676	1.0	0.10941928246235198	0.32798028181846267	2.072313365829602
58000	-1306.196591283209	-1312.4073585472458	6.210767264036873	-1312.4073585472458	0.02844585532276896	1.0	0.4043494699687984	0.023560776769595917	5.57785040272526
58200	-1308.3558453266394	-1313.7717231830327	5.415877856393304	-1313.7717231830327	0.03411699729412513	1.0	0.0954370397831374	0.01384282183320376	4.4446002166039325
58400	-1306.910047117096	-1311.983727699936	5.073680582840025	-1311.983727699936	0.025695595202350884	1.0	1.4690082545309076	0.03295322151924405	5.533884459877333
58600	-1308.13830513003	-1312.1049438498333	3.96663871980338	-1312.1049438498333	0.026405619218903914	1.0	2.2498883931449676	0.046764343368842644	5.249574619847472
58800	-1308.8301379446173	-1315.3190495104477	6.488911565830363	-1315.3190495104477	0.019790139198565877	1.0	0.8575601735495384	0.02300792887023795	6.307530111434769
59000	-1307.3795542805242	-1312.1589977088734	4.779443428349056	-1312.1589977088734	0.029132360994520358	1.0	1.5103240493723815	0.03816756093213204	5.296764128751742
59200	-1311.0982818550715	-1312.484483612451	1.3862017573794219	-1312.484483612451	0.024610237715100805	1.0	5.17031102167982	0.020569552795238533	5.51018213270502
59400	-1309.411925301942	-1313.1982350311089	3.7863097291669794	-1313.1982350311089	0.026161784787991346	1.0	3.2180748134298995	0.021656743169797307	5.961348412529199
59600	-1308.0519716862157	-1312.1935160580053	4.141544371789635	-1312.1935160580053	0.028350988084133638	1.0	2.027510874522006	0.04633797425305959	5.20081072558718
59800	-1306.6891762514706	-1312.353382458404	5.664206206933354	-1312.353382458404	0.025511971663341754	1.0	0.6174682390227465	0.04491777147009727	5.309126280434784
60000	-1307.7908192407874	-1313.0640697008175	5.273250460030118	-1313.0640697008175	0.026367852770147266	1.0	0.9944096960974239	0.01821530542350682	5.214195426828679
60200	-1308.044913731234	-1312.4317925069686	4.386878775734561	-1312.4317925069686	0.029823916268917935	1.0	1.1728912183879152	0.07009790195551288	4.663525254314541
60400	-1309.3563839264898	-1313.5681477191565	4.211763792666657	-1313.5681477191565	0.02998953984208192	1.0	2.0923427479488876	0.04306925823856849	5.325956819847171
60600	-1312.4561564279177	-1313.241030491382	0.784874063464244	-1313.241030491382	0.027754993228553366	1.0	3.5185618755915806	0.14234441377937268	3.626120022956555
60800	-1309.1056898069469	-1312.017694460868	2.9120046539209756	-1312.017694460868	0.02816047315371471	1.0	3.231386599708486	0.04651942893793247	5.175696595586434
61000	-1310.9813336688633	-1312.2912315652209	1.3098978963575627	-1312.2912315652209	0.024769790191563657	1.0	2.0639969226502095	0.2132266876253236	2.911373672138657
61200	-1317.0299015381786	-1313.370085198744	-3.659816339434719	-1313.370085198744	0.033006260424390525	1.0	0.4069514038360314	1.2693081671655861	-0.5151391747700382
61400	-1313.4357325331953	-1312.925985242989	-0.5097472902062402	-1312.925985242989	0.021891963329306364	1.0	1.570520954999997	0.47850568804972926	1.402128276786477
61600	-1307.6398839319622	-1314.4553478759526	6.815463943990425	-1314.4553478759526	0.019542156078912853	1.0	0.28288014317265914	0.012044041976346197	6.026178559539492
61800	-1309.1790712186366	-1314.7040362317916	5.5249650131549695	-1314.7040362317916	0.01891489677425438	1.0	1.3784626622116574	0.0072242221285583426	5.816656633052768
62000	-1307.9547505748667	-1312.1350556079067	4.180305033039992	-1312.1350556079067	0.025914868067543635	1.0	2.0714702486052317	0.040760138012514976	5.266628226858506
62200	-1307.0147178418176	-1312.8458910980517	5.831173256234079	-1312.8458910980517	0.02695089743196305	1.0	0.19989522790728328	0.00964598354627599	4.951636112790284
62400	-1306.5755889743198	-1312.3994580239223	5.823869049602585	-1312.3994580239223	0.02655584380822919	1.0	0.42754413693963234	0.013040415409771857	5.182266972353249
62600	-1307.7376287258546	-1312.8270863231674	5.0894575973127525	-1312.8270863231674	0.027644995600489268	1.0	0.15873865072822152	0.0856789242604711	4.399166727338972
62800	-1307.5016445250517	-1313.9303190940886	6.428674569036849	-1313.9303190940886	0.02398816864151843	1.0	0.111615710465299	0.016113630347641406	5.480456837852177
63000	-1307.557953588154	-1314.5737439775585	7.015790389404439	-1314.5737439775585	0.02029126958717453	1.0	0.1424301251586013	0.015528270287752369	6.096613254549769
63200	-1307.3491649347873	-1313.3183242682915	5.9691593335042645	-1313.3183242682915	0.03387718970898999	1.0	0.3000628534697875	0.022557026404014573	5.228914187919152
63400	-1306.7372375118925	-1312.1400414861455	5.402803974253055	-1312.1400414861455	0.02694972054224083	1.0	1.0739418616325678	0.01736324999209417	5.420699120430963
63600	-1309.608019221453	-1312.5595585339108	2.9515393124577387	-1312.5595585339108	0.023037773141413597	1.0	3.3044730663316413	0.04922879980479341	5.2965279354944155
63800	-1313.1830303163408	-1315.9799305317713	2.7969002154304636	-1315.9799305317713	0.028305524275390355	1.0	1.7580680473397738	0.11406678718459246	3.791962569111028
64000	-1308.115876555697	-1313.8655290432778	5.749652487580826	-1313.8655290432778	0.019319105313114492	1.0	1.1664075034569095	0.028642142122273576	5.89419173658362
64200	-1307.5369151255456	-1312.0348517361563	4.497936610610659	-1312.0348517361563	0.025283201047872114	1.0	1.810569844717334	0.04077271666620151	5.323397517673659
64400	-1309.3109223639	-1314.2808909072637	4.969968543363584	-1314.2808909072637	0.03200999780358542	1.0	0.19261544623349788	0.013121294375320025	4.093682863182502
64600	-1308.2985861899003	-1314.6121825255182	6.313596335617927	-1314.6121825255182	0.023359040926790305	1.0	0.20326166012105898	0.021507536486556407	5.47336972420694
64800	-1308.0945297887886	-1312.9368272725885	4.8422974838000155	-1312.9368272725885	0.023055651057149414	1.0	0.7726540353813129	0.00633381147739631	4.525482262773039
65000	-1307.2939976984624	-1312.7076996566543	5.413701958192044	-1312.7076996566543	0.024911294802225637	1.0	0.792750169184275	0.04234184329380605	5.2260981188965445
65200	-1306.702038750783	-1312.3665724617736	5.664533710990582	-1312.3665724617736	0.027297541424136283	1.0	0.4281823994604315	0.012209767241663186	5.021052780601108
65400	-1306.6950599519507	-1312.6440833682007	5.949023416249903	-1312.6440833682007	0.02262738031209657	1.0	0.8712749848735178	0.011870074699813497	5.747605699934578
65600	-1307.2277520614102	-1313.2533041054935	6.025552044083231	-1313.2533041054935	0.024718206528582937	1.0	0.2999028874785539	0.03742857509177531	5.330212231560705
65800	-1309.384624134533	-1313.3417497880116	3.9571256534785664	-1313.3417497880116	0.020311106874569593	1.0	1.102120878502487	0.09985277563000917	4.2531680760352275
66000	-1308.5140487224419	-1312.240811171198	3.726762448756019	-1312.240811171198	0.027783997222272937	1.0	1.0155822517504836	0.11047991634236345	3.9684697012647807
66200	-1310.905011766659	-1315.949835211631	5.044823444971806	-1315.949835211631	0.04161999139899753	1.0	0.3282119151518186	0.06709910496153494	4.467703356697574
66400	-1307.6510379358429	-1312.3140505395654	4.663012603722646	-1312.3140505395654	0.025921458202388562	1.0	1.7686541525356363	0.040304583881289734	5.445139234407247
66600	-1309.36461571528	-1313.2414727707103	3.876857055430226	-1313.2414727707103	0.022253263868446456	1.0	0.9325007769248472	0.11399725962114057	4.046141449109646
66800	-1308.351327955028	-1313.5773019820786	5.225974027050677	-1313.5773019820786	0.03487757921397821	1.0	0.4876211358252912	0.05616959473649069	4.775143431495239
67000	-1306.4416570524852	-1312.4765968658876	6.034939813402316	-1312.4765968658876	0.023688607891196135	1.0	0.7511555800587518	0.020132594132814617	5.738440629947986
67200	-1306.9829496420841	-1313.2254489671159	6.24249932503166	-1313.2254489671159	0.02650741499408805	1.0	0.012298916357381565	0.042931476616468456	5.2762310005536985
67400	-1307.5547303625967	-1313.8236376371515	6.268907274554782	-1313.8236376371515	0.02407786380688697	1.0	0.02058970418490698	0.042206843170933706	5.308733878978483
67600	-1308.8470623317794	-1314.9256717382434	6.0786094064640155	-1314.9256717382434	0.030541581371992282	1.0	0.2417321952296199	0.010355457447616154	5.24305915125571
67800	-1308.267189682614	-1312.719510640305	4.452320957691205	-1312.719510640305	0.03136980050936343	1.0	0.6491498956894437	0.09064441354463477	4.267488269903385
68000	-1312.4670635888704	-1317.3137989516977	4.8467353628273875	-1317.3137989516977	0.026332267364455576	1.0	2.4036321777044583	0.012631754614782912	6.179982960297456
68200	-1306.6892402687124	-1312.8363116750434	6.147071406330852	-1312.8363116750434	0.023718437837231345	1.0	0.46448252666007717	0.03618510485671289	5.612543141368447
68400	-1306.1495234488964	-1312.3633316698165	6.2138082209201375	-1312.3633316698165	0.02752506909948946	1.0	0.5016113561153293	0.02247866199664482	5.674874110079447
68600	-1308.9822494000302	-1313.006643164957	4.024393764926838	-1313.006643164957	0.022307495561397363	1.0	0.4945300942525387	0.1281757429717603	3.798672576996433
68800	-1315.5405204196181	-1315.3842588431853	-0.15626157643283328	-1315.3842588431853	0.02699655333815436	1.0	1.4964952230247042	0.43212302912762424	1.541034746699424
69000	-1309.5480962977304	-1313.3856456172246	3.8375493194942765	-1313.3856456172246	0.02231052674482537	1.0	0.655792250857053	0.12820867782853057	3.7731900907646594
69200	-1306.7471226227913	-1312.4635528624165	5.716430239625188	-1312.4635528624165	0.025617285226108694	1.0	0.44438637501877915	0.045844376957743654	5.191076344539761
69400	-1308.1000308672221	-1313.4421441037662	5.342113236544056	-1313.4421441037662	0.031271312064953455	1.0	0.6988021318895155	0.0371716052675603	5.044893971995476
69600	-1308.5795148402365	-1312.473480261645	3.89396542140841	-1312.473480261645	0.02806072832943173	1.0	1.0942275854170862	0.10014341760511618	4.18299528413757
69800	-1307.3287205531824	-1312.663324248777	5.334603695594429	-1312.663324248777	0.028439022763256317	1.0	0.9936911991576783	0.027889316155086382	5.3041453494883335
70000	-1309.209252072935	-1315.1655361950486	5.956284122113621	-1315.1655361950486	0.039938341607666766	1.0	0.13803730634947614	0.024219569830357418	5.0590514397910535
70200	-1309.2291768594964	-1312.5492014289064	3.320024569409898	-1312.5492014289064	0.021752236241206913	1.0	3.4797412738793345	0.030294635378248898	5.7829051441562545
70400	-1310.9490902416571	-1312.6696983417833	1.7206081001261886	-1312.6696983417833	0.021604368932813194	1.0	4.821846517721664	0.04007134879608898	5.555220323011359
70600	-1310.2930509379273	-1313.424112331882	3.1310613939547416	-1313.424112331882	0.030321524767497596	1.0	1.5028763403101744	0.11228074191211643	3.865519782204264
70800	-1306.6280175216114	-1312.8401737247013	6.212156203089977	-1312.8401737247013	0.028884604632577093	1.0	0.30312567922955463	0.0332771649781366	5.507459151671062
71000	-1307.446519884248	-1312.6174725626581	5.1709526784103055	-1312.6174725626581	0.02697105430090032	1.0	0.7028607156168322	0.06038532526277471	4.948136603635146
71200	-1308.0580241030884	-1313.851932974398	5.793908871309702	-1313.851932974398	0.025218452063664965	1.0	0.9238532396735657	0.03471749428946071	5.714304014611537
71400	-1311.2675020622994	-1312.6209258966196	1.3534238343201164	-1312.6209258966196	0.023510799726166223	1.0	0.5384242581548009	0.36671469944325996	1.8944421329328818
71600	-1311.1042227276384	-1317.154712905095	6.05049017745659	-1317.154712905095	0.02693173356025718	1.0	0.11486108391579515	0.05368484932762804	5.219369998449647
71800	-1306.5671939201097	-1312.3070869851067	5.739893064997004	-1312.3070869851067	0.027629246255797622	1.0	0.7472683818980888	0.021790402512470722	5.444530345138544
72000	-1307.0950050770593	-1312.955234241083	5.860229164023705	-1312.955234241083	0.025963731526548232	1.0	0.24685258578063632	0.051902890517193226	5.155700611698467
72200	-1308.5933175544262	-1312.4204718831138	3.8271543286875565	-1312.4204718831138	0.029668908670122934	1.0	0.8151018023144793	0.11764955586891923	3.890107312143816
72400	-1306.5298037901428	-1312.1536148036978	5.623811013555034	-1312.1536148036978	0.02575766783047934	1.0	0.7879108380719998	0.03688334669524734	5.414826944363748
72600	-1308.735148162291	-1314.3311361765664	5.595988014275493	-1314.3311361765664	0.03689853424845648	1.0	0.5744751095745378	0.022133483286132054	5.128871660801547
72800	-1306.9949605864201	-1312.1644372915653	5.169476705145227	-1312.1644372915653	0.02537088266213651	1.0	1.401711163213804	0.027973270902934146	5.547292731422068
73000	-1309.34872197323	-1313.3849951808618	4.0362732076316785	-1313.3849951808618	0.03318121336579146	1.0	2.0594125613402685	0.022500581668398457	5.055206725263664
73200	-1308.2457669253495	-1312.46269815896	4.216931233610509	-1312.46269815896	0.030271284151855146	1.0	2.3058227985361133	0.018122939373048395	5.469009405725158
73400	-1308.38563926201	-1312.2112280472684	3.8255887852584065	-1312.2112280472684	0.027420270021537657	1.0	0.9746088786550426	0.107505173402618	4.017308292127044
73600	-1309.5713118151693	-1312.4041982694835	2.8328864543142207	-1312.4041982694835	0.024800087843268714	1.0	1.026531736325074	0.1738969782937188	3.27771610640168
73800	-1306.8105761056074	-1312.0598314904023	5.249255384794855	-1312.0598314904023	0.02599889372447879	1.0	1.004443626037521	0.043150766893375166	5.275796285987659
74000	-1309.8745717402508	-1315.2329318464003	5.358360106149627	-1315.2329318464003	0.02516185521403563	1.0	0.1629671559506585	0.07880479194580944	4.651467037414461
74200	-1310.8074527257088	-1314.2447821934456	3.4373294677369275	-1314.2447821934456	0.034226376501277314	1.0	2.368505571557505	0.04516811505684979	4.834045490702669
74400	-1309.9016920132826	-1312.4790266015923	2.5773345883096046	-1312.4790266015923	0.0306530906881632	1.0	2.7530017689074002	0.07983558967862436	4.463599762024558
74600	-1309.4562937078676	-1312.2004427302318	2.744149022364046	-1312.2004427302318	0.0271831680671469	1.0	2.7530017689074002	0.07110613474180479	4.6039613023310615
74800	-1308.4269561758397	-1312.6863630857388	4.2594069098991545	-1312.6863630857388	0.026472192312642993	1.0	1.1705984692757783	0.0800616529223284	4.563953824114923
75000	-1306.9410435550192	-1312.5840092074352	5.642965652416073	-1312.5840092074352	0.028342061900973388	1.0	0.7359079883953523	0.025210301858432014	5.346605870406275
75200	-1311.5206015657936	-1316.1526260548876	4.632024489094057	-1316.1526260548876	0.0331961960029976	1.0	2.1054713882853213	0.023886739274784383	5.701217311266205
75400	-1306.4924762137857	-1312.1932369705519	5.7007607567662655	-1312.1932369705519	0.027288547329060428	1.0	0.7305800191136461	0.032641056536603104	5.421590443893462
75600	-1307.6975189673078	-1312.4241406595884	4.726621692280668	-1312.4241406595884	0.026760687128898245	1.0	0.4256172418901885	0.007271121267497389	4.065610010459844
75800	-1307.4875565563655	-1312.4850005499716	4.9974439936061135	-1312.4850005499716	0.024494388366037755	1.0	1.141725490328377	0.046399678921469296	5.171111947053696
76000	-1307.3888994210038	-1313.3215309374964	5.932631516492551	-1313.3215309374964	0.027965582349737714	1.0	0.21573425873723093	0.03933404907271044	5.158897238807294
76200	-1306.618903838844	-1312.3127282441767	5.6938244053326095	-1312.3127282441767	0.026160412241638967	1.0	0.9338784522752782	0.03231730674879856	5.616971465658394
76400	-1306.9698878405777	-1313.0476064811678	6.077718640590153	-1313.0476064811678	0.03150335935848796	1.0	0.17002459188922192	0.01854912141384916	5.19529006678761
76600	-1312.8007778611723	-1313.0320078390448	0.23122997787248487	-1313.0320078390448	0.020654845567782423	1.0	2.020577545012051	0.32621923574005307	2.131688036969146
76800	-1307.2140736147333	-1312.0825926542964	4.868519039563095	-1312.0825926542964	0.02625937142735531	1.0	1.567849532141055	0.038401675493726514	5.444074660799892
77000	-1313.0402631530435	-1314.8213256738452	1.781062520801688	-1314.8213256738452	0.021980609060057093	1.0	1.1369971439303255	0.2515412243138975	2.57164317449494
77200	-1312.3193620089635	-1312.6034907831834	0.28412877421988525	-1312.6034907831834	0.02653635091789672	1.0	1.0469599958221127	0.43650601117049714	1.5451716339158328
77400	-1309.546313679472	-1313.1247460486734	3.5784323692013857	-1313.1247460486734	0.030986221629020937	1.0	0.10860516545243026	0.1829397274102636	3.132737720466337
77600	-1310.3927115849106	-1312.6062036032467	2.213492018336158	-1312.6062036032467	0.030108543393049803	1.0	1.4571376513888996	0.1824062903236564	3.114713379517557
77800	-1310.1966619451116	-1313.0122989448153	2.8156369997035893	-1313.0122989448153	0.022505863382821397	1.0	0.3772620228625756	0.2292635008479444	2.7789742794019614
78000	-1308.7143998647452	-1312.1394281797106	3.4250283149653558	-1312.1394281797106	0.029179830020022786	1.0	2.1373250160256463	0.0692734395323674	4.663610220203838
78200	-1306.9643402671288	-1312.627579778619	5.663239511490218	-1312.627579778619	0.025530203613695113	1.0	0.6292509569371342	0.045795725502773846	5.322602769671722
78400	-1307.8931179953895	-1312.8646528368738	4.971534841484332	-1312.8646528368738	0.031396884790183884	1.0	0.3997886856067134	0.07438165828106139	4.488059867057499
78600	-1308.4096969119857	-1313.3157978610784	4.906100949092593	-1313.3157978610784	0.028015484823332493	1.0	1.6790331851964027	0.011387995795588076	5.510980587935833
78800	-1309.1526693563771	-1312.956602282464	3.8039329260867794	-1312.956602282464	0.03277072109941639	1.0	2.059650427457899	0.05276026205515082	4.9148003110083724
79000	-1306.360474485012	-1312.6525097155131	6.292035230501156	-1312.6525097155131	0.023803208633534488	1.0	0.6032798312818645	0.025601948731433972	5.864234100083936
79200	-1306.8955100494145	-1313.1919967337747	6.296486684360078	-1313.1919967337747	0.021884846758414477	1.0	0.5342941949469915	0.01033150610043227	5.753425849029192
79400	-1309.5858752187344	-1313.4665207247494	3.8806455060151634	-1313.4665207247494	0.02365967965320874	1.0	2.575156782373109	0.043968835965158805	5.480378560730779
79600	-1307.5590940968539	-1312.22458289372	4.6654887968661924	-1312.22458289372	0.024900956805768745	1.0	1.3187261073162053	0.05309552426218768	5.036447807728022
79800	-1307.0057496271295	-1312.0495096797345	5.043760052605027	-1312.0495096797345	0.02562768086828953	1.0	1.115127136214991	0.04793744826986053	5.19548955905556
80000	-1306.75078579661	-1312.4888710356643	5.738085239054214	-1312.4888710356643	0.023847695160049063	1.0	0.8921268098808485	0.02859962138536814	5.608214943763052
80200	-1307.1401616602827	-1312.663755714618	5.523594054335331	-1312.663755714618	0.023983804381872236	1.0	0.6767423957824225	0.05010442280371714	5.243505409849831
80400	-1308.8728955248366	-1312.3991972441895	3.526301719352923	-1312.3991972441895	0.025359388650724256	1.0	0.6139579643750386	0.15293571602629047	3.495038622922382
80600	-1307.219183908512	-1312.1011602444341	4.881976335922166	-1312.1011602444341	0.026717185569105573	1.0	0.873383977615351	0.0632890601479679	4.838482719767324
80800	-1308.5700255962336	-1314.3802754008332	5.810249804599606	-1314.3802754008332	0.025474053765275523	1.0	0.9101832410530386	0.03511382389030667	5.718175948071357
81000	-1308.934883872008	-1312.8267847566708	3.8919008846627934	-1312.8267847566708	0.021680391772679806	1.0	1.8952315316215957	0.06419238407730253	4.872992167754604
81200	-1309.244078660679	-1312.3393121542404	3.0952334935613437	-1312.3393121542404	0.025614884662179555	1.0	0.6696992442533906	0.1782262033216747	3.1963495172981977
81400	-1309.9633596118608	-1313.3364351997527	3.3730755878918455	-1313.3364351997527	0.02722750279304635	1.0	0.7825039825449788	0.1457064082997013	3.4884515165203687
81600	-1307.0260359658798	-1312.5026398319715	5.476603866091696	-1312.5026398319715	0.023597408933529226	1.0	0.6084088806164065	0.05224906833984991	5.134680632307249
81800	-1308.402548345454	-1312.7174642296034	4.314915884149237	-1312.7174642296034	0.024944282542679712	1.0	0.26230057183587635	0.12364595980578924	3.8432385581477124
82000	-1307.2664869216767	-1312.8631354862189	5.59664856454221	-1312.8631354862189	0.03235518110257713	1.0	0.7477688421990264	0.025652738723613937	5.313490354109366
82200	-1308.850210874422	-1312.7012994577635	3.851088583341538	-1312.7012994577635	0.02412886869752411	1.0	0.4331584615886412	0.1438884027812923	3.6116098833821813
82400	-1310.4510381502569	-1313.5006888877558	3.049650737499044	-1313.5006888877558	0.023722986041229403	1.0	2.40972981266335	0.0815938377258128	4.597971979355367
82600	-1311.1684053003273	-1312.9574007231954	1.7889954228681124	-1312.9574007231954	0.020844453625956084	1.0	2.0997767166034778	0.17243654591950397	3.3026445025848394
82800	-1317.418004028533	-1311.953534195204	-5.4644698333290105	-1311.953534195204	0.025899744410772235	1.0	2.55808029239505	1.1955991552357523	-0.39202442231692924
83000	-1310.8541335939067	-1311.9320131316667	1.0778795377600077	-1311.9320131316667	0.024932769321042183	1.0	3.3569667134151366	0.13210044028707651	3.726487991159826
83200	-1308.819097420151	-1314.866196759434	6.047099339282986	-1314.866196759434	0.018142181392596973	1.0	0.610924650384601	0.03880564266673579	5.666954221711842
83400	-1309.313140620733	-1314.6025060247728	5.289365404039757	-1314.6025060247728	0.03750767626096007	1.0	0.45693493455572803	0.04882441815606817	4.78559049636499
83600	-1306.5207674089063	-1312.3461888817505	5.825421472844143	-1312.3461888817505	0.02790272414908991	1.0	0.4761783791327638	0.03759980894342441	5.306876042435369
83800	-1307.5530345602556	-1312.1265885887751	4.573554028519472	-1312.1265885887751	0.02788754802839566	1.0	1.0422220869392065	0.06669503068006791	4.7092196445130305
84000	-1310.7913592197735	-1313.3021737224303	2.510814502656889	-1313.3021737224303	0.024027819222692384	1.0	1.2615286247818231	0.1764817103477295	3.1984735645768874
84200	-1313.9990526843424	-1315.9175698860463	1.9185172017039185	-1315.9175698860463	0.040476790401666476	1.0	0.9347142410708281	0.25205106457023874	2.508359923011435
84400	-1308.6866272510197	-1313.512907497169	4.826280246149363	-1313.512907497169	0.02086470799545687	1.0	1.1893834907849274	0.059849004926298695	5.088361733401463
84600	-1306.5090574668282	-1312.7637446995852	6.254687232757116	-1312.7637446995852	0.030311550265355473	1.0	0.22585654436763153	0.023255319988648084	5.4423518192354035
84800	-1306.7024805842339	-1312.0752760207824	5.372795436548573	-1312.0752760207824	0.026621709225904157	1.0	1.2186136613462109	0.023255319988648084	5.55321714000544
85000	-1308.1642035751674	-1313.344675016327	5.180471441159699	-1313.344675016327	0.03173647574820986	1.0	1.2741873156753916	0.03310313673404814	5.4463086678712
85200	-1307.053196516956	-1312.2624999318002	5.209303414844321	-1312.2624999318002	0.02394177941254482	1.0	1.6995176017489317	0.014753238797530495	5.844865176306582
85400	-1314.9824909635304	-1316.6950998756588	1.7126089121284551	-1316.6950998756588	0.03596925619175579	1.0	3.2105940621675484	0.10151932256892741	4.122174660589324
85600	-1309.3220877601605	-1313.743403178472	4.42131541831156	-1313.743403178472	0.03347942399727533	1.0	0.5993458456702739	0.08862759858689712	4.180567120026578
85800	-1309.6439895307642	-1312.9611204013443	3.3171308705801277	-1312.9611204013443	0.020786084083378654	1.0	3.500963812525318	0.012269530359582144	5.7466124536128715
86000	-1307.0234502633948	-1312.545587600689	5.522137337294281	-1312.545587600689	0.02224729429279763	1.0	1.4553955421491318	0.015193604899917335	5.914911481891249
86200	-1310.0936953348885	-1314.5882333506465	4.494538015757942	-1314.5882333506465	0.02246340494029887	1.0	0.837775416831559	0.07945098566130107	4.464411370677893
86400	-1306.488697596957	-1312.8344647698175	6.345767172860318	-1312.8344647698175	0.024719301682158818	1.0	0.23341662776460353	0.03392756235264763	5.573331971111335
86600	-1307.3129582062109	-1312.6772227786364	5.3642645724256	-1312.6772227786364	0.03013075094552124	1.0	0.4926913645753321	0.05729509959578601	4.921914826405946
86800	-1307.8833558898855	-1313.6804524419206	5.797096552035096	-1313.6804524419206	0.02574356177260998	1.0	1.295605219416986	0.019581693070480327	6.043377610780411
87000	-1308.1823294816547	-1314.561488366644	6.379158884989282	-1314.561488366644	0.01904762493106769	1.0	0.5488274549123204	0.00818347428959496	5.844122122318158
87200	-1307.8329660579923	-1312.1879434004472	4.354977342454896	-1312.1879434004472	0.02858813031548801	1.0	1.9376502717294575	0.0355321594373216	5.291638200078868
87400	-1308.031482456003	-1313.1094195997957	5.077937143792787	-1313.1094195997957	0.03265910696901837	1.0	0.737631189157352	0.051558313704997215	4.863143022686096
87600	-1312.5391691664772	-1315.3236648943243	2.784495727847118	-1315.3236648943243	0.037497879893825546	1.0	2.9133226787331052	0.0591538198316427	4.7684097815484385
87800	-1307.1415727303577	-1312.3557003025987	5.214127572241078	-1312.3557003025987	0.029737629371054987	1.0	0.988354820285345	0.013221265042440675	5.133884207527359
88000	-1307.5555711519912	-1312.860608789158	5.30503763716681	-1312.860608789158	0.027237146909379596	1.0	1.048346842200038	0.0239257482268179	5.317224122199232
88200	-1308.2248747640297	-1312.270714149198	4.045839385168503	-1312.270714149198	0.02761664207819467	1.0	1.5427859582209862	0.07112877781950638	4.69550446983608
88400	-1307.2899082962563	-1312.2997844080835	5.009876111827146	-1312.2997844080835	0.026074689671638895	1.0	0.4954285080637821	0.07363677002365226	4.619783722713717
88600	-1308.5748369409437	-1314.1639426559818	5.589105715038176	-1314.1639426559818	0.03427844461746709	1.0	0.8795033173478262	0.027323368075090348	5.442744492940422
88800	-1310.649972976789	-1312.5685173586796	1.9185443818906767	-1312.5685173586796	0.023364082216237838	1.0	2.159123460084826	0.15900177160494688	3.4508287677719123
89000	-1308.630337114445	-1311.9616011121147	3.3312639976696867	-1311.9616011121147	0.02803355572065633	1.0	3.135917378447534	0.03180542989913714	5.454898842199055
89200	-1308.7262133954534	-1313.3963227061158	4.670109310662303	-1313.3963227061158	0.021059759374474556	1.0	0.8616027777380253	0.07864394650430648	4.661364453285707
89400	-1313.5885892873982	-1314.0979773578824	0.5093880704840994	-1314.0979773578824	0.021631829224180617	1.0	2.579714718885513	0.2415906703894316	2.7125331054220365
89600	-1308.8739073388613	-1312.3248111393805	3.4509038005192245	-1312.3248111393805	0.023324250481280062	1.0	1.2589510054209057	0.11729399178982962	3.9566285201755784
89800	-1306.4190085955138	-1312.203860758379	5.784852162865276	-1312.203860758379	0.028413297230898887	1.0	0.7352808305741572	0.028964078011446986	5.499240302285843
90000	-1309.8952485203845	-1314.5220671944533	4.626818674068667	-1314.5220671944533	0.02364050570343707	1.0	0.37924351734504164	0.09526285397317677	4.18607488196233
90200	-1307.983668077866	-1313.1071210299017	5.123452952035679	-1313.1071210299017	0.020897560264890383	1.0	1.0769664307280267	0.05043911576962091	5.244602563604582
90400	-1310.2386588495474	-1314.3948398312432	4.156180981695849	-1314.3948398312432	0.03422280763209079	1.0	0.2753332054941562	0.12238453561463104	3.69371379180364
90600	-1306.4337632763982	-1312.5672282603712	6.133464983972967	-1312.5672282603712	0.029813759050042812	1.0	0.3375714127929056	0.022883243549655163	5.4317169345159435
90800	-1308.445710463966	-1313.3402808948135	4.894570430847539	-1313.3402808948135	0.019957140368601575	1.0	2.165896470832724	0.02381632276584496	6.023974952206666
91000	-1307.4723343313399	-1312.8159791126645	5.343644781324621	-1312.8159791126645	0.02888400638183797	1.0	0.45866582606892536	0.05491346437627512	4.8600524203757995
91200	-1309.0924786393534	-1314.0556113256077	4.963132686254288	-1314.0556113256077	0.025528094895795942	1.0	0.49666121660560847	0.08076575092658995	4.5958759781158305
91400	-1308.4704376952466	-1312.9624038819652	4.491966186718603	-1312.9624038819652	0.028215596416718156	1.0	0.3917248151703857	0.10616395778880248	4.096737340363749
91600	-1308.8732373413193	-1312.6038175215376	3.7305801802183023	-1312.6038175215376	0.02922198301776824	1.0	1.316914465716617	0.0912824766506132	4.215445587021227
91800	-1308.138429930351	-1312.0888516582659	3.9504217279148257	-1312.0888516582659	0.023886871335989556	1.0	2.706008138092393	0.01404310473399836	5.590322104315906
92000	-1306.684725043729	-1312.9577615935034	6.273036549774388	-1312.9577615935034	0.02602048352614784	1.0	0.417182033325789	0.032078148689148246	5.678762469757803
92200	-1307.9646060125713	-1312.1113599661974	4.146753953626186	-1312.1113599661974	0.023878070436320915	1.0	2.702103879460929	0.025120163671087836	5.8163169166597095
92400	-1306.908403747276	-1313.237427823195	6.329024075919035	-1313.237427823195	0.03197900511568166	1.0	0.11709716516223381	0.0238945586214557	5.409866369958008
92600	-1309.01485611709	-1312.707865105475	3.6930089883851394	-1312.707865105475	0.0313330322605253	1.0	2.5062476266054245	0.04166736790608178	5.216858741699504
92800	-1307.1561057078395	-1313.0291886931745	5.873082985334972	-1313.0291886931745	0.022197434888661282	1.0	0.8201380741156348	0.028324153669895952	5.67038920362565
93000	-1310.3937975662861	-1314.977370429779	4.583572863493023	-1314.977370429779	0.03824036180809088	1.0	0.2584695827231122	0.09566274063472217	4.0232669145270155
93200	-1313.6353385445736	-1318.851482341212	5.216143796638409	-1318.851482341212	0.014563519197453481	1.0	1.9551710033279923	0.02480134946206838	6.137807779875301
93400	-1310.8410475768426	-1316.46857780775	5.627530230907464	-1316.46857780775	0.04141822244955377	1.0	0.43833032573352143	0.03469823949748297	5.062344112414777
93600	-1306.9872133515148	-1313.0964298306474	6.109216479132468	-1313.0964298306474	0.021443789800864112	1.0	0.7674964823986615	0.024522812084719937	5.842361888781397
93800	-1307.6294380979787	-1314.165518845222	6.5360807472435125	-1314.165518845222	0.02072702809319708	1.0	0.313419294707226	0.03297080222086547	5.840748939310538
94000	-1307.864231150988	-1314.797413075117	6.933181924129111	-1314.797413075117	0.020069170870887564	1.0	0.12021115991614525	0.024133556214742592	6.017862448053169
94200	-1308.385644111513	-1312.2621724939968	3.876528382483722	-1312.2621724939968	0.02863894616916814	1.0	2.35761292096667	0.037227919042277104	5.238290554814469
94400	-1306.7598043246053	-1313.1891392608143	6.429334936208981	-1313.1891392608143	0.022111137526245415	1.0	0.7494196342186786	0.018551110820265785	6.126307433240188
94600	-1308.6677827899543	-1313.822343425898	5.154560635943631	-1313.822343425898	0.035017299061971006	1.0	0.8073818036903605	0.040394025569912013	4.9756859532030235
94800	-1306.5094910613125	-1313.1908524848166	6.681361423504169	-1313.1908524848166	0.025967003659047624	1.0	0.11110999425015945	0.016513448249116536	5.733849545502768
95000	-1308.5143103880002	-1312.6579930522828	4.1436826642825215	-1312.6579930522828	0.022287252559660096	1.0	2.656362601380266	0.017829924623029222	5.745412715756417
95200	-1312.0351521792754	-1314.7860730531324	2.750920873856967	-1314.7860730531324	0.024769294069335694	1.0	1.0378140307927088	0.18154538344994772	3.230209805733967
95400	-1311.7897400357508	-1313.0207968946538	1.2310568589029214	-1313.0207968946538	0.03290939983565559	1.0	0.859570466819892	0.33865081806256947	2.0081793013908067
95600	-1308.1640068879424	-1313.101413862922	4.937406974979786	-1313.101413862922	0.031445999138755454	1.0	0.1650519423662218	0.09083377612873451	4.269050159881168
95800	-1310.4364300188447	-1313.9868080037363	3.5503779848915276	-1313.9868080037363	0.03474747609912063	1.0	0.520133020041494	0.14839363216230636	3.4115260536305207
96000	-1308.1862355187282	-1312.9493822926365	4.763146773908279	-1312.9493822926365	0.03017250021225487	1.0	0.13989069311819202	0.10109035054416914	4.100709238093251
96200	-1306.8565123701317	-1312.3237877239524	5.467275353820707	-1312.3237877239524	0.0296917862154939	1.0	0.8418888710273449	0.03569801740129261	5.308677410633388
96400	-1308.336264571833	-1312.2018174292775	3.8655528574445843	-1312.2018174292775	0.026644742461341724	1.0	0.7448311653388867	0.1214076514712085	3.869623372417037
96600	-1307.405294289509	-1312.2036641781938	4.798369888684868	-1312.2036641781938	0.02901837425143212	1.0	1.0248286198265986	0.058067101734234926	4.890496798336022
96800	-1314.0162440803385	-1315.8621685102364	1.8459244298979407	-1315.8621685102364	0.03896773296066684	1.0	0.43131318151829484	0.3116740751695151	2.1130418813477005
97000	-1310.5563302482856	-1312.5615425978604	2.0052123495748004	-1312.5615425978604	0.02637712380198349	1.0	1.045818105540356	0.2382406303505827	2.66430913468622
97200	-1307.6969118947475	-1312.1488959606122	4.451984065864653	-1312.1488959606122	0.026591789051348368	1.0	0.6972164632086231	0.09051796738764135	4.314834775423305
97400	-1308.608412886542	-1314.0157590991425	5.4073462126005225	-1314.0157590991425	0.024468154184149188	1.0	0.4013873135976361	0.056470125994518894	4.871192495599333
97600	-1307.100670073518	-1312.1640026794134	5.0633326058955515	-1312.1640026794134	0.026502994115295685	1.0	1.0324957231183227	0.050801263891564884	5.141108928406096
97800	-1306.842042551753	-1312.53656342984	5.694520878087083	-1312.53656342984	0.029634711535633105	1.0	0.7125993171954393	0.03559661538434219	5.406326102228615
98000	-1312.45835019385	-1315.8743954581355	3.41604526428546	-1315.8743954581355	0.018390584279377502	1.0	0.20795858725852487	0.19618983625701572	3.109855882346664
98200	-1307.9616943279784	-1313.0222005299413	5.060506201962778	-1313.0222005299413	0.021454648110034048	1.0	0.7947252093584197	0.06396293913752535	4.940395875095119
98400	-1309.71357287598	-1312.7885748730255	3.0750019970454825	-1312.7885748730255	0.022876475940559998	1.0	2.6971662909899736	0.06775889495838171	4.868835648236214
98600	-1312.4582494001197	-1315.1589657057862	2.7007163056663925	-1315.1589657057862	0.01905622687989062	1.0	1.2540471652309304	0.17118708308909933	3.364849583009346
98800	-1309.0568987855897	-1313.6624643057298	4.605565520140088	-1313.6624643057298	0.03094211745823174	1.0	0.012609592324898063	0.11958999511116557	3.871906412522664
99000	-1310.5636317341687	-1312.7382213401854	2.174589606016714	-1312.7382213401854	0.031525159334016624	1.0	0.7408579747531592	0.25135592545747926	2.568469578846684
99200	-1312.392931689814	-1312.015339468403	-0.3775922214111741	-1312.015339468403	0.02703621403270945	1.0	1.8273860666908017	0.42143208145584976	1.6181981342605916
99400	-1309.8465527634557	-1312.8935233489406	3.0469705854847904	-1312.8935233489406	0.022442585753686527	1.0	1.4946784995758948	0.1291841716011801	3.8244536472093165
99600	-1310.013541732456	-1312.1444749261414	2.1309331936855487	-1312.1444749261414	0.026979410431501608	1.0	3.526506640301656	0.06861586849864273	4.756704083703905
99800	-1306.553463608261	-1312.9972508917353	6.443787283474493	-1312.9972508917353	0.02397227910456953	1.0	0.6452228888673406	0.018182605981911883	6.035446353826016
100000	-1309.517943903376	-1313.5222847065515	4.004340803175657	-1313.5222847065515	0.020658944191786904	1.0	0.6174663832347683	0.1247519257729916	3.891180700594849
